09:41:36.444 [main] INFO  factory.BaseClass - **************Enter the Organization name**************
09:41:36.780 [main] INFO  factory.BaseClass - Taking screenshot
09:41:36.781 [main] INFO  factory.BaseClass - **************selects the organization size**************
09:41:37.102 [main] INFO  factory.BaseClass - Taking screenshot
09:41:37.102 [main] INFO  factory.BaseClass - **************select the Interested in option**************
09:41:37.449 [main] INFO  factory.BaseClass - Taking screenshot
09:41:37.450 [main] INFO  factory.BaseClass - **************user enter the contact number**************
09:41:37.801 [main] INFO  factory.BaseClass - Taking screenshot
09:41:37.802 [main] INFO  factory.BaseClass - **************user enter the email id **************
09:41:38.155 [main] INFO  factory.BaseClass - Taking screenshot
09:41:38.155 [main] INFO  factory.BaseClass - **************Login button should be Disabeld**************
09:41:38.377 [main] INFO  factory.BaseClass - Taking screenshot
09:41:46.606 [main] INFO  factory.BaseClass - Website is opened
09:41:46.607 [main] INFO  factory.BaseClass - **************Click on Corporate Wellness Form**************
09:41:49.071 [main] INFO  factory.BaseClass - Taking screenshot
09:41:49.072 [main] INFO  factory.BaseClass - **************Enter the name**************
09:41:49.624 [main] INFO  factory.BaseClass - Taking screenshot
09:41:49.625 [main] INFO  factory.BaseClass - **************Enter the Organization name**************
09:41:49.993 [main] INFO  factory.BaseClass - Taking screenshot
09:41:49.993 [main] INFO  factory.BaseClass - **************selects the organization size**************
09:41:50.343 [main] INFO  factory.BaseClass - Taking screenshot
09:41:50.343 [main] INFO  factory.BaseClass - **************select the Interested in option**************
09:41:50.698 [main] INFO  factory.BaseClass - Taking screenshot
09:41:50.699 [main] INFO  factory.BaseClass - **************user enter the contact number**************
09:41:51.072 [main] INFO  factory.BaseClass - Taking screenshot
09:41:51.073 [main] INFO  factory.BaseClass - **************user enter the email id **************
09:41:51.450 [main] INFO  factory.BaseClass - Taking screenshot
09:41:51.450 [main] INFO  factory.BaseClass - **************Login button should be Disabeld**************
09:41:51.706 [main] INFO  factory.BaseClass - Taking screenshot
09:42:00.325 [main] INFO  factory.BaseClass - Website is opened
09:42:00.326 [main] INFO  factory.BaseClass - **************Click on Corporate Wellness Form**************
09:42:03.691 [main] INFO  factory.BaseClass - Taking screenshot
09:42:03.692 [main] INFO  factory.BaseClass - **************Enter the name**************
09:42:04.176 [main] INFO  factory.BaseClass - Taking screenshot
09:42:04.176 [main] INFO  factory.BaseClass - **************Enter the Organization name**************
09:42:04.548 [main] INFO  factory.BaseClass - Taking screenshot
09:42:04.549 [main] INFO  factory.BaseClass - **************selects the organization size**************
09:42:04.904 [main] INFO  factory.BaseClass - Taking screenshot
09:42:04.904 [main] INFO  factory.BaseClass - **************select the Interested in option**************
09:42:05.277 [main] INFO  factory.BaseClass - Taking screenshot
09:42:05.278 [main] INFO  factory.BaseClass - **************user enter the contact number**************
09:42:05.608 [main] INFO  factory.BaseClass - Taking screenshot
09:42:05.609 [main] INFO  factory.BaseClass - **************user enter the email id **************
09:42:05.973 [main] INFO  factory.BaseClass - Taking screenshot
09:42:05.975 [main] INFO  factory.BaseClass - **************Login button should be Disabeld**************
09:42:06.263 [main] INFO  factory.BaseClass - Taking screenshot
09:42:14.062 [main] INFO  factory.BaseClass - Website is opened
09:42:14.062 [main] INFO  factory.BaseClass - **************Click on Corporate Wellness Form**************
09:42:16.318 [main] INFO  factory.BaseClass - Taking screenshot
09:42:16.319 [main] INFO  factory.BaseClass - **************Enter the name**************
09:42:17.069 [main] INFO  factory.BaseClass - Taking screenshot
09:42:17.070 [main] INFO  factory.BaseClass - **************Enter the Organization name**************
09:42:17.473 [main] INFO  factory.BaseClass - Taking screenshot
09:42:17.473 [main] INFO  factory.BaseClass - **************selects the organization size**************
09:42:17.917 [main] INFO  factory.BaseClass - Taking screenshot
09:42:17.918 [main] INFO  factory.BaseClass - **************select the Interested in option**************
09:42:18.400 [main] INFO  factory.BaseClass - Taking screenshot
09:42:18.401 [main] INFO  factory.BaseClass - **************user enter the contact number**************
09:42:18.816 [main] INFO  factory.BaseClass - Taking screenshot
09:42:18.817 [main] INFO  factory.BaseClass - **************user enter the email id **************
09:42:19.260 [main] INFO  factory.BaseClass - Taking screenshot
09:42:19.260 [main] INFO  factory.BaseClass - **************Login button should be enabeld**************
09:43:15.899 [main] INFO  factory.BaseClass - Taking screenshot
09:44:44.404 [main] INFO  factory.BaseClass - Website is opened
09:44:44.430 [main] INFO  factory.BaseClass - **************Click on Corporate Wellness Form**************
09:44:46.510 [main] INFO  factory.BaseClass - Taking screenshot
09:44:46.512 [main] INFO  factory.BaseClass - **************Enter the name**************
09:44:47.297 [main] INFO  factory.BaseClass - Taking screenshot
09:44:47.298 [main] INFO  factory.BaseClass - **************Enter the Organization name**************
09:44:47.574 [main] INFO  factory.BaseClass - Taking screenshot
09:44:47.575 [main] INFO  factory.BaseClass - **************selects the organization size**************
09:44:47.875 [main] INFO  factory.BaseClass - Taking screenshot
09:44:47.876 [main] INFO  factory.BaseClass - **************select the Interested in option**************
09:44:48.192 [main] INFO  factory.BaseClass - Taking screenshot
09:44:48.193 [main] INFO  factory.BaseClass - **************user enter the contact number**************
09:44:48.492 [main] INFO  factory.BaseClass - Taking screenshot
09:44:48.493 [main] INFO  factory.BaseClass - **************user enter the email id **************
09:44:48.872 [main] INFO  factory.BaseClass - Taking screenshot
09:44:48.874 [main] INFO  factory.BaseClass - **************Login button should be enabeld**************
09:45:39.399 [main] INFO  factory.BaseClass - Taking screenshot
09:46:09.347 [main] INFO  factory.BaseClass - Website is opened
09:46:09.381 [main] INFO  factory.BaseClass - ***************Locate the Practo Logo Element*************
09:46:09.592 [main] INFO  factory.BaseClass - Taking screenshot
09:46:09.594 [main] INFO  factory.BaseClass - ***************Validate the Practo Logo is present*************
09:46:09.594 [main] INFO  factory.BaseClass - ***************Locate the Practo Logo Element*************
09:46:10.531 [main] INFO  factory.BaseClass - Taking screenshot
09:46:10.532 [main] INFO  factory.BaseClass - ***************Locate the Login button Element*************
09:46:10.773 [main] INFO  factory.BaseClass - Taking screenshot
09:46:10.774 [main] INFO  factory.BaseClass - ***************Validate the Login button is present*************
09:46:10.774 [main] INFO  factory.BaseClass - ***************Locate the Login button Element*************
09:46:11.210 [main] INFO  factory.BaseClass - Taking screenshot
09:46:11.211 [main] INFO  factory.BaseClass - ***************Locate the Download Element*************
09:46:11.467 [main] INFO  factory.BaseClass - Taking screenshot
09:46:11.468 [main] INFO  factory.BaseClass - **************Validate the download is present**************
09:46:11.468 [main] INFO  factory.BaseClass - ***************Locate the Download Element*************
09:46:11.960 [main] INFO  factory.BaseClass - Taking screenshot
09:46:19.878 [main] INFO  factory.BaseClass - Website is opened
09:46:19.903 [main] INFO  factory.BaseClass - ***************Navigate to Find Doctors page*************
09:46:22.371 [main] INFO  factory.BaseClass - Taking screenshot
09:46:22.373 [main] INFO  factory.BaseClass - ***************Send the value to searchbox*************
09:46:28.437 [main] INFO  factory.BaseClass - Taking screenshot
09:46:28.439 [main] INFO  factory.BaseClass - ***************Validate the Doctors Name*************
09:46:32.445 [main] INFO  factory.BaseClass - Taking screenshot
09:46:32.447 [main] INFO  factory.BaseClass - ***************Valiadate the Book Free option*************
09:46:33.121 [main] INFO  factory.BaseClass - Taking screenshot
09:46:40.992 [main] INFO  factory.BaseClass - Website is opened
09:46:40.999 [main] INFO  factory.BaseClass - ***************Navigate to video Consult page*************
09:46:43.028 [main] INFO  factory.BaseClass - Taking screenshot
09:46:43.029 [main] INFO  factory.BaseClass - ***************Locate the video consult element*************
09:46:43.305 [main] INFO  factory.BaseClass - Taking screenshot
09:46:43.305 [main] INFO  factory.BaseClass - ***************Validate Consult Now button is present*************
09:46:43.306 [main] INFO  factory.BaseClass - ***************Locate the video consult element*************
09:46:43.639 [main] INFO  factory.BaseClass - Taking screenshot
09:46:43.639 [main] INFO  factory.BaseClass - ***************Get all specialities datas*************
09:46:44.804 [main] INFO  factory.BaseClass - Taking screenshot
09:46:44.805 [main] INFO  factory.BaseClass - ***************Validate specialities availability*************
09:46:45.220 [main] INFO  factory.BaseClass - Taking screenshot
09:46:45.221 [main] INFO  factory.BaseClass - ***************Get all Common Health Concern datas and price*************
09:46:45.705 [main] INFO  factory.BaseClass - Taking screenshot
09:46:45.706 [main] INFO  factory.BaseClass - ***************Validate CommonHealthConcern availability*************
09:46:46.059 [main] INFO  factory.BaseClass - Taking screenshot
09:46:46.059 [main] INFO  factory.BaseClass - ***************Get all Offer details*************
09:46:46.360 [main] INFO  factory.BaseClass - Taking screenshot
09:46:46.361 [main] INFO  factory.BaseClass - ***************Validate Consult Offers availability*************
09:46:46.695 [main] INFO  factory.BaseClass - Taking screenshot
09:46:53.776 [main] INFO  factory.BaseClass - Website is opened
09:46:53.801 [main] INFO  factory.BaseClass - ***************Navigate to Surgeries Page*************
09:46:54.890 [main] INFO  factory.BaseClass - Taking screenshot
09:46:54.891 [main] INFO  factory.BaseClass - ***************Get PractoCare Phone number*************
09:46:55.402 [main] INFO  factory.BaseClass - Taking screenshot
09:46:55.403 [main] INFO  factory.BaseClass - ***************Validate the Phone number*************
09:46:55.403 [main] INFO  factory.BaseClass - ***************Get PractoCare Phone number*************
09:46:55.933 [main] INFO  factory.BaseClass - Taking screenshot
09:46:55.934 [main] INFO  factory.BaseClass - ***************Get Popular Surgeries data*************
09:46:59.114 [main] INFO  factory.BaseClass - Taking screenshot
09:46:59.114 [main] INFO  factory.BaseClass - **************Validate the Popular Surgeries**************
09:46:59.439 [main] INFO  factory.BaseClass - Taking screenshot
09:46:59.441 [main] INFO  factory.BaseClass - **************Get Our Departments data**************
09:46:59.875 [main] INFO  factory.BaseClass - Taking screenshot
09:46:59.876 [main] INFO  factory.BaseClass - **************Valiadate the Our Departments**************
09:47:00.154 [main] INFO  factory.BaseClass - Taking screenshot
09:47:00.155 [main] INFO  factory.BaseClass - **************Get the PractoCare Benifits Data**************
09:47:00.477 [main] INFO  factory.BaseClass - Taking screenshot
09:47:00.478 [main] INFO  factory.BaseClass - **************Validate PractoCare Data availability**************
09:47:00.741 [main] INFO  factory.BaseClass - Taking screenshot
09:47:08.270 [main] INFO  factory.BaseClass - Website is opened
09:47:08.275 [main] INFO  factory.BaseClass - **************Select Bangalore city and Search Hospitals**************
09:47:18.891 [main] INFO  factory.BaseClass - Taking screenshot
09:47:18.892 [main] INFO  factory.BaseClass - **************Validate Bangalore city hospitals are displayed**************
09:47:19.185 [main] INFO  factory.BaseClass - Taking screenshot
09:47:19.186 [main] INFO  factory.BaseClass - **************Locate all day opened hospitals element**************
09:47:24.521 [main] INFO  factory.BaseClass - Taking screenshot
09:47:24.521 [main] INFO  factory.BaseClass - **************Validate all day hospitals opened**************
09:47:24.665 [main] INFO  factory.BaseClass - Taking screenshot
09:47:24.666 [main] INFO  factory.BaseClass - **************Get the rating of more than three hospitals**************
09:47:27.454 [main] INFO  factory.BaseClass - Taking screenshot
09:47:27.455 [main] INFO  factory.BaseClass - **************Validate the hospitals more then three of rating**************
09:47:27.643 [main] INFO  factory.BaseClass - Taking screenshot
09:47:27.643 [main] INFO  factory.BaseClass - **************Get the top city hospitals**************
09:47:27.947 [main] INFO  factory.BaseClass - Taking screenshot
09:47:27.948 [main] INFO  factory.BaseClass - **************Validate top city hospitals**************
09:47:28.113 [main] INFO  factory.BaseClass - Taking screenshot
09:47:36.315 [main] INFO  factory.BaseClass - Website is opened
09:47:36.316 [main] INFO  factory.BaseClass - **************Click on Corporate Wellness Form**************
09:47:38.986 [main] INFO  factory.BaseClass - Taking screenshot
09:47:38.987 [main] INFO  factory.BaseClass - **************Enter the name**************
09:47:39.371 [main] INFO  factory.BaseClass - Taking screenshot
09:47:39.372 [main] INFO  factory.BaseClass - **************Enter the Organization name**************
09:47:39.729 [main] INFO  factory.BaseClass - Taking screenshot
09:47:39.730 [main] INFO  factory.BaseClass - **************selects the organization size**************
09:47:40.111 [main] INFO  factory.BaseClass - Taking screenshot
09:47:40.112 [main] INFO  factory.BaseClass - **************select the Interested in option**************
09:47:40.476 [main] INFO  factory.BaseClass - Taking screenshot
09:47:40.477 [main] INFO  factory.BaseClass - **************user enter the contact number**************
09:47:40.813 [main] INFO  factory.BaseClass - Taking screenshot
09:47:40.813 [main] INFO  factory.BaseClass - **************user enter the email id **************
09:47:41.242 [main] INFO  factory.BaseClass - Taking screenshot
09:47:41.244 [main] INFO  factory.BaseClass - **************Login button should be Disabeld**************
09:47:41.560 [main] INFO  factory.BaseClass - Taking screenshot
09:47:49.126 [main] INFO  factory.BaseClass - Website is opened
09:47:49.127 [main] INFO  factory.BaseClass - **************Click on Corporate Wellness Form**************
09:47:51.803 [main] INFO  factory.BaseClass - Taking screenshot
09:47:51.804 [main] INFO  factory.BaseClass - **************Enter the name**************
09:47:52.175 [main] INFO  factory.BaseClass - Taking screenshot
09:47:52.175 [main] INFO  factory.BaseClass - **************Enter the Organization name**************
09:47:52.486 [main] INFO  factory.BaseClass - Taking screenshot
09:47:52.486 [main] INFO  factory.BaseClass - **************selects the organization size**************
09:47:52.779 [main] INFO  factory.BaseClass - Taking screenshot
09:47:52.779 [main] INFO  factory.BaseClass - **************select the Interested in option**************
09:47:53.118 [main] INFO  factory.BaseClass - Taking screenshot
09:47:53.118 [main] INFO  factory.BaseClass - **************user enter the contact number**************
09:47:53.436 [main] INFO  factory.BaseClass - Taking screenshot
09:47:53.436 [main] INFO  factory.BaseClass - **************user enter the email id **************
09:47:53.811 [main] INFO  factory.BaseClass - Taking screenshot
09:47:53.811 [main] INFO  factory.BaseClass - **************Login button should be Disabeld**************
09:47:54.081 [main] INFO  factory.BaseClass - Taking screenshot
09:48:01.596 [main] INFO  factory.BaseClass - Website is opened
09:48:01.596 [main] INFO  factory.BaseClass - **************Click on Corporate Wellness Form**************
09:48:04.017 [main] INFO  factory.BaseClass - Taking screenshot
09:48:04.017 [main] INFO  factory.BaseClass - **************Enter the name**************
09:48:04.386 [main] INFO  factory.BaseClass - Taking screenshot
09:48:04.387 [main] INFO  factory.BaseClass - **************Enter the Organization name**************
09:48:04.746 [main] INFO  factory.BaseClass - Taking screenshot
09:48:04.747 [main] INFO  factory.BaseClass - **************selects the organization size**************
09:48:05.132 [main] INFO  factory.BaseClass - Taking screenshot
09:48:05.132 [main] INFO  factory.BaseClass - **************select the Interested in option**************
09:48:05.513 [main] INFO  factory.BaseClass - Taking screenshot
09:48:05.514 [main] INFO  factory.BaseClass - **************user enter the contact number**************
09:48:05.854 [main] INFO  factory.BaseClass - Taking screenshot
09:48:05.854 [main] INFO  factory.BaseClass - **************user enter the email id **************
09:48:06.238 [main] INFO  factory.BaseClass - Taking screenshot
09:48:06.239 [main] INFO  factory.BaseClass - **************Login button should be Disabeld**************
09:48:06.551 [main] INFO  factory.BaseClass - Taking screenshot
09:48:14.511 [main] INFO  factory.BaseClass - Website is opened
09:48:14.512 [main] INFO  factory.BaseClass - **************Click on Corporate Wellness Form**************
09:48:16.794 [main] INFO  factory.BaseClass - Taking screenshot
09:48:16.794 [main] INFO  factory.BaseClass - **************Enter the name**************
09:48:17.284 [main] INFO  factory.BaseClass - Taking screenshot
09:48:17.284 [main] INFO  factory.BaseClass - **************Enter the Organization name**************
09:48:17.655 [main] INFO  factory.BaseClass - Taking screenshot
09:48:17.656 [main] INFO  factory.BaseClass - **************selects the organization size**************
09:48:18.009 [main] INFO  factory.BaseClass - Taking screenshot
09:48:18.010 [main] INFO  factory.BaseClass - **************select the Interested in option**************
09:48:18.377 [main] INFO  factory.BaseClass - Taking screenshot
09:48:18.378 [main] INFO  factory.BaseClass - **************user enter the contact number**************
09:48:18.696 [main] INFO  factory.BaseClass - Taking screenshot
09:48:18.696 [main] INFO  factory.BaseClass - **************user enter the email id **************
09:48:19.091 [main] INFO  factory.BaseClass - Taking screenshot
09:48:19.092 [main] INFO  factory.BaseClass - **************Login button should be enabeld**************
09:49:09.386 [main] INFO  factory.BaseClass - Taking screenshot
15:17:49.481 [main] INFO  factory.BaseClass - Website is opened
15:17:49.559 [main] INFO  factory.BaseClass - ***************Locate the Practo Logo Element*************
15:17:49.956 [main] INFO  factory.BaseClass - Taking screenshot
15:17:49.959 [main] INFO  factory.BaseClass - ***************Validate the Practo Logo is present*************
15:17:49.959 [main] INFO  factory.BaseClass - ***************Locate the Practo Logo Element*************
15:17:51.706 [main] INFO  factory.BaseClass - Taking screenshot
15:17:51.708 [main] INFO  factory.BaseClass - ***************Locate the Login button Element*************
15:17:52.004 [main] INFO  factory.BaseClass - Taking screenshot
15:17:52.006 [main] INFO  factory.BaseClass - ***************Validate the Login button is present*************
15:17:52.007 [main] INFO  factory.BaseClass - ***************Locate the Login button Element*************
15:17:52.476 [main] INFO  factory.BaseClass - Taking screenshot
15:17:52.478 [main] INFO  factory.BaseClass - ***************Locate the Download Element*************
15:17:52.776 [main] INFO  factory.BaseClass - Taking screenshot
15:17:52.778 [main] INFO  factory.BaseClass - **************Validate the download is present**************
15:17:52.778 [main] INFO  factory.BaseClass - ***************Locate the Download Element*************
15:17:53.184 [main] INFO  factory.BaseClass - Taking screenshot
15:18:02.135 [main] INFO  factory.BaseClass - Website is opened
15:18:02.163 [main] INFO  factory.BaseClass - ***************Navigate to Find Doctors page*************
15:18:04.076 [main] INFO  factory.BaseClass - Taking screenshot
15:18:04.077 [main] INFO  factory.BaseClass - ***************Send the value to searchbox*************
15:18:10.554 [main] INFO  factory.BaseClass - Taking screenshot
15:18:10.556 [main] INFO  factory.BaseClass - ***************Validate the Doctors Name*************
15:18:13.131 [main] INFO  factory.BaseClass - Taking screenshot
15:18:13.133 [main] INFO  factory.BaseClass - ***************Valiadate the Book Free option*************
15:18:13.603 [main] INFO  factory.BaseClass - Taking screenshot
15:18:21.755 [main] INFO  factory.BaseClass - Website is opened
15:18:21.792 [main] INFO  factory.BaseClass - ***************Navigate to video Consult page*************
15:18:23.855 [main] INFO  factory.BaseClass - Taking screenshot
15:18:23.856 [main] INFO  factory.BaseClass - ***************Locate the video consult element*************
15:18:24.226 [main] INFO  factory.BaseClass - Taking screenshot
15:18:24.227 [main] INFO  factory.BaseClass - ***************Validate Consult Now button is present*************
15:18:24.227 [main] INFO  factory.BaseClass - ***************Locate the video consult element*************
15:18:24.681 [main] INFO  factory.BaseClass - Taking screenshot
15:18:24.682 [main] INFO  factory.BaseClass - ***************Get all specialities datas*************
15:18:25.961 [main] INFO  factory.BaseClass - Taking screenshot
15:18:25.961 [main] INFO  factory.BaseClass - ***************Validate specialities availability*************
15:18:26.303 [main] INFO  factory.BaseClass - Taking screenshot
15:18:26.304 [main] INFO  factory.BaseClass - ***************Get all Common Health Concern datas and price*************
15:18:26.736 [main] INFO  factory.BaseClass - Taking screenshot
15:18:26.737 [main] INFO  factory.BaseClass - ***************Validate CommonHealthConcern availability*************
15:18:27.047 [main] INFO  factory.BaseClass - Taking screenshot
15:18:27.048 [main] INFO  factory.BaseClass - ***************Get all Offer details*************
15:18:27.328 [main] INFO  factory.BaseClass - Taking screenshot
15:18:27.329 [main] INFO  factory.BaseClass - ***************Validate Consult Offers availability*************
15:18:27.640 [main] INFO  factory.BaseClass - Taking screenshot
15:18:33.926 [main] INFO  factory.BaseClass - Website is opened
15:18:33.957 [main] INFO  factory.BaseClass - ***************Navigate to Surgeries Page*************
15:18:35.123 [main] INFO  factory.BaseClass - Taking screenshot
15:18:35.124 [main] INFO  factory.BaseClass - ***************Get PractoCare Phone number*************
15:18:35.561 [main] INFO  factory.BaseClass - Taking screenshot
15:18:35.561 [main] INFO  factory.BaseClass - ***************Validate the Phone number*************
15:18:35.562 [main] INFO  factory.BaseClass - ***************Get PractoCare Phone number*************
15:18:36.031 [main] INFO  factory.BaseClass - Taking screenshot
15:18:36.031 [main] INFO  factory.BaseClass - ***************Get Popular Surgeries data*************
15:18:39.486 [main] INFO  factory.BaseClass - Taking screenshot
15:18:39.487 [main] INFO  factory.BaseClass - **************Validate the Popular Surgeries**************
15:18:39.741 [main] INFO  factory.BaseClass - Taking screenshot
15:18:39.743 [main] INFO  factory.BaseClass - **************Get Our Departments data**************
15:18:40.156 [main] INFO  factory.BaseClass - Taking screenshot
15:18:40.157 [main] INFO  factory.BaseClass - **************Valiadate the Our Departments**************
15:18:40.406 [main] INFO  factory.BaseClass - Taking screenshot
15:18:40.407 [main] INFO  factory.BaseClass - **************Get the PractoCare Benifits Data**************
15:18:40.735 [main] INFO  factory.BaseClass - Taking screenshot
15:18:40.736 [main] INFO  factory.BaseClass - **************Validate PractoCare Data availability**************
15:18:40.972 [main] INFO  factory.BaseClass - Taking screenshot
15:18:48.511 [main] INFO  factory.BaseClass - Website is opened
15:18:48.534 [main] INFO  factory.BaseClass - **************Select Bangalore city and Search Hospitals**************
15:19:00.520 [main] INFO  factory.BaseClass - Taking screenshot
15:19:00.521 [main] INFO  factory.BaseClass - **************Validate Bangalore city hospitals are displayed**************
15:19:00.734 [main] INFO  factory.BaseClass - Taking screenshot
15:19:00.735 [main] INFO  factory.BaseClass - **************Locate all day opened hospitals element**************
15:19:06.766 [main] INFO  factory.BaseClass - Taking screenshot
15:19:06.767 [main] INFO  factory.BaseClass - **************Validate all day hospitals opened**************
15:19:07.010 [main] INFO  factory.BaseClass - Taking screenshot
15:19:07.010 [main] INFO  factory.BaseClass - **************Get the rating of more than three hospitals**************
15:19:10.680 [main] INFO  factory.BaseClass - Taking screenshot
15:19:10.681 [main] INFO  factory.BaseClass - **************Validate the hospitals more then three of rating**************
15:19:10.888 [main] INFO  factory.BaseClass - Taking screenshot
15:19:10.889 [main] INFO  factory.BaseClass - **************Get the top city hospitals**************
15:19:11.228 [main] INFO  factory.BaseClass - Taking screenshot
15:19:11.229 [main] INFO  factory.BaseClass - **************Validate top city hospitals**************
15:19:11.413 [main] INFO  factory.BaseClass - Taking screenshot
15:19:18.968 [main] INFO  factory.BaseClass - Website is opened
15:19:18.969 [main] INFO  factory.BaseClass - **************Click on Corporate Wellness Form**************
15:19:22.900 [main] INFO  factory.BaseClass - Taking screenshot
15:19:22.902 [main] INFO  factory.BaseClass - **************Enter the name**************
15:19:23.470 [main] INFO  factory.BaseClass - Taking screenshot
15:19:23.470 [main] INFO  factory.BaseClass - **************Enter the Organization name**************
15:19:23.864 [main] INFO  factory.BaseClass - Taking screenshot
15:19:23.865 [main] INFO  factory.BaseClass - **************selects the organization size**************
15:19:24.243 [main] INFO  factory.BaseClass - Taking screenshot
15:19:24.244 [main] INFO  factory.BaseClass - **************select the Interested in option**************
15:19:24.652 [main] INFO  factory.BaseClass - Taking screenshot
15:19:24.653 [main] INFO  factory.BaseClass - **************user enter the contact number**************
15:19:25.018 [main] INFO  factory.BaseClass - Taking screenshot
15:19:25.019 [main] INFO  factory.BaseClass - **************user enter the email id **************
15:19:25.440 [main] INFO  factory.BaseClass - Taking screenshot
15:19:25.441 [main] INFO  factory.BaseClass - **************Login button should be Disabeld**************
15:19:25.735 [main] INFO  factory.BaseClass - Taking screenshot
15:19:33.047 [main] INFO  factory.BaseClass - Website is opened
15:19:33.048 [main] INFO  factory.BaseClass - **************Click on Corporate Wellness Form**************
15:19:35.632 [main] INFO  factory.BaseClass - Taking screenshot
15:19:35.632 [main] INFO  factory.BaseClass - **************Enter the name**************
15:19:36.169 [main] INFO  factory.BaseClass - Taking screenshot
15:19:36.170 [main] INFO  factory.BaseClass - **************Enter the Organization name**************
15:19:36.630 [main] INFO  factory.BaseClass - Taking screenshot
15:19:36.631 [main] INFO  factory.BaseClass - **************selects the organization size**************
15:19:37.098 [main] INFO  factory.BaseClass - Taking screenshot
15:19:37.099 [main] INFO  factory.BaseClass - **************select the Interested in option**************
15:19:37.683 [main] INFO  factory.BaseClass - Taking screenshot
15:19:37.683 [main] INFO  factory.BaseClass - **************user enter the contact number**************
15:19:38.202 [main] INFO  factory.BaseClass - Taking screenshot
15:19:38.203 [main] INFO  factory.BaseClass - **************user enter the email id **************
15:19:38.762 [main] INFO  factory.BaseClass - Taking screenshot
15:19:38.763 [main] INFO  factory.BaseClass - **************Login button should be Disabeld**************
15:19:39.099 [main] INFO  factory.BaseClass - Taking screenshot
15:19:46.612 [main] INFO  factory.BaseClass - Website is opened
15:19:46.613 [main] INFO  factory.BaseClass - **************Click on Corporate Wellness Form**************
15:19:48.887 [main] INFO  factory.BaseClass - Taking screenshot
15:19:48.887 [main] INFO  factory.BaseClass - **************Enter the name**************
15:19:49.269 [main] INFO  factory.BaseClass - Taking screenshot
15:19:49.270 [main] INFO  factory.BaseClass - **************Enter the Organization name**************
15:19:49.602 [main] INFO  factory.BaseClass - Taking screenshot
15:19:49.603 [main] INFO  factory.BaseClass - **************selects the organization size**************
15:19:49.976 [main] INFO  factory.BaseClass - Taking screenshot
15:19:49.977 [main] INFO  factory.BaseClass - **************select the Interested in option**************
15:19:50.458 [main] INFO  factory.BaseClass - Taking screenshot
15:19:50.460 [main] INFO  factory.BaseClass - **************user enter the contact number**************
15:19:50.964 [main] INFO  factory.BaseClass - Taking screenshot
15:19:50.965 [main] INFO  factory.BaseClass - **************user enter the email id **************
15:19:51.444 [main] INFO  factory.BaseClass - Taking screenshot
15:19:51.444 [main] INFO  factory.BaseClass - **************Login button should be Disabeld**************
15:19:51.773 [main] INFO  factory.BaseClass - Taking screenshot
15:19:58.874 [main] INFO  factory.BaseClass - Website is opened
15:19:58.875 [main] INFO  factory.BaseClass - **************Click on Corporate Wellness Form**************
15:20:02.271 [main] INFO  factory.BaseClass - Taking screenshot
15:20:02.272 [main] INFO  factory.BaseClass - **************Enter the name**************
15:20:02.595 [main] INFO  factory.BaseClass - Taking screenshot
15:20:02.595 [main] INFO  factory.BaseClass - **************Enter the Organization name**************
15:20:02.892 [main] INFO  factory.BaseClass - Taking screenshot
15:20:02.892 [main] INFO  factory.BaseClass - **************selects the organization size**************
15:20:03.189 [main] INFO  factory.BaseClass - Taking screenshot
15:20:03.190 [main] INFO  factory.BaseClass - **************select the Interested in option**************
15:20:03.627 [main] INFO  factory.BaseClass - Taking screenshot
15:20:03.627 [main] INFO  factory.BaseClass - **************user enter the contact number**************
15:20:03.958 [main] INFO  factory.BaseClass - Taking screenshot
15:20:03.959 [main] INFO  factory.BaseClass - **************user enter the email id **************
15:20:04.376 [main] INFO  factory.BaseClass - Taking screenshot
15:20:04.377 [main] INFO  factory.BaseClass - **************Login button should be enabeld**************
15:21:22.749 [main] INFO  factory.BaseClass - Taking screenshot
15:23:15.973 [main] INFO  factory.BaseClass - Website is opened
15:23:16.002 [main] INFO  factory.BaseClass - ***************Locate the Practo Logo Element*************
15:23:16.244 [main] INFO  factory.BaseClass - Taking screenshot
15:23:16.246 [main] INFO  factory.BaseClass - ***************Validate the Practo Logo is present*************
15:23:16.246 [main] INFO  factory.BaseClass - ***************Locate the Practo Logo Element*************
15:23:17.324 [main] INFO  factory.BaseClass - Taking screenshot
15:23:17.325 [main] INFO  factory.BaseClass - ***************Locate the Login button Element*************
15:23:17.537 [main] INFO  factory.BaseClass - Taking screenshot
15:23:17.539 [main] INFO  factory.BaseClass - ***************Validate the Login button is present*************
15:23:17.539 [main] INFO  factory.BaseClass - ***************Locate the Login button Element*************
15:23:17.882 [main] INFO  factory.BaseClass - Taking screenshot
15:23:17.883 [main] INFO  factory.BaseClass - ***************Locate the Download Element*************
15:23:18.108 [main] INFO  factory.BaseClass - Taking screenshot
15:23:18.108 [main] INFO  factory.BaseClass - **************Validate the download is present**************
15:23:18.109 [main] INFO  factory.BaseClass - ***************Locate the Download Element*************
15:23:18.425 [main] INFO  factory.BaseClass - Taking screenshot
15:23:27.268 [main] INFO  factory.BaseClass - Website is opened
15:23:27.276 [main] INFO  factory.BaseClass - ***************Navigate to Find Doctors page*************
15:23:30.509 [main] INFO  factory.BaseClass - Taking screenshot
15:23:30.510 [main] INFO  factory.BaseClass - ***************Send the value to searchbox*************
15:23:36.346 [main] INFO  factory.BaseClass - Taking screenshot
15:23:36.347 [main] INFO  factory.BaseClass - ***************Validate the Doctors Name*************
15:23:38.641 [main] INFO  factory.BaseClass - Taking screenshot
15:23:38.643 [main] INFO  factory.BaseClass - ***************Valiadate the Book Free option*************
15:23:39.062 [main] INFO  factory.BaseClass - Taking screenshot
15:23:45.934 [main] INFO  factory.BaseClass - Website is opened
15:23:45.936 [main] INFO  factory.BaseClass - ***************Navigate to video Consult page*************
15:23:47.777 [main] INFO  factory.BaseClass - Taking screenshot
15:23:47.778 [main] INFO  factory.BaseClass - ***************Locate the video consult element*************
15:23:48.263 [main] INFO  factory.BaseClass - Taking screenshot
15:23:48.264 [main] INFO  factory.BaseClass - ***************Validate Consult Now button is present*************
15:23:48.264 [main] INFO  factory.BaseClass - ***************Locate the video consult element*************
15:23:48.655 [main] INFO  factory.BaseClass - Taking screenshot
15:23:48.656 [main] INFO  factory.BaseClass - ***************Get all specialities datas*************
15:23:50.137 [main] INFO  factory.BaseClass - Taking screenshot
15:23:50.139 [main] INFO  factory.BaseClass - ***************Validate specialities availability*************
15:23:50.581 [main] INFO  factory.BaseClass - Taking screenshot
15:23:50.582 [main] INFO  factory.BaseClass - ***************Get all Common Health Concern datas and price*************
15:23:51.124 [main] INFO  factory.BaseClass - Taking screenshot
15:23:51.125 [main] INFO  factory.BaseClass - ***************Validate CommonHealthConcern availability*************
15:23:51.527 [main] INFO  factory.BaseClass - Taking screenshot
15:23:51.528 [main] INFO  factory.BaseClass - ***************Get all Offer details*************
15:23:51.915 [main] INFO  factory.BaseClass - Taking screenshot
15:23:51.917 [main] INFO  factory.BaseClass - ***************Validate Consult Offers availability*************
15:23:52.374 [main] INFO  factory.BaseClass - Taking screenshot
15:24:00.087 [main] INFO  factory.BaseClass - Website is opened
15:24:00.094 [main] INFO  factory.BaseClass - ***************Navigate to Surgeries Page*************
15:24:01.605 [main] INFO  factory.BaseClass - Taking screenshot
15:24:01.605 [main] INFO  factory.BaseClass - ***************Get PractoCare Phone number*************
15:24:02.041 [main] INFO  factory.BaseClass - Taking screenshot
15:24:02.042 [main] INFO  factory.BaseClass - ***************Validate the Phone number*************
15:24:02.042 [main] INFO  factory.BaseClass - ***************Get PractoCare Phone number*************
15:24:02.446 [main] INFO  factory.BaseClass - Taking screenshot
15:24:02.447 [main] INFO  factory.BaseClass - ***************Get Popular Surgeries data*************
15:24:05.465 [main] INFO  factory.BaseClass - Taking screenshot
15:24:05.466 [main] INFO  factory.BaseClass - **************Validate the Popular Surgeries**************
15:24:05.781 [main] INFO  factory.BaseClass - Taking screenshot
15:24:05.782 [main] INFO  factory.BaseClass - **************Get Our Departments data**************
15:24:06.342 [main] INFO  factory.BaseClass - Taking screenshot
15:24:06.343 [main] INFO  factory.BaseClass - **************Valiadate the Our Departments**************
15:24:06.672 [main] INFO  factory.BaseClass - Taking screenshot
15:24:06.673 [main] INFO  factory.BaseClass - **************Get the PractoCare Benifits Data**************
15:24:07.081 [main] INFO  factory.BaseClass - Taking screenshot
15:24:07.082 [main] INFO  factory.BaseClass - **************Validate PractoCare Data availability**************
15:24:07.445 [main] INFO  factory.BaseClass - Taking screenshot
15:24:17.535 [main] INFO  factory.BaseClass - Website is opened
15:24:17.559 [main] INFO  factory.BaseClass - **************Select Bangalore city and Search Hospitals**************
15:24:30.973 [main] INFO  factory.BaseClass - Taking screenshot
15:24:30.973 [main] INFO  factory.BaseClass - **************Validate Bangalore city hospitals are displayed**************
15:24:31.191 [main] INFO  factory.BaseClass - Taking screenshot
15:24:31.192 [main] INFO  factory.BaseClass - **************Locate all day opened hospitals element**************
15:24:36.904 [main] INFO  factory.BaseClass - Taking screenshot
15:24:36.905 [main] INFO  factory.BaseClass - **************Validate all day hospitals opened**************
15:24:37.090 [main] INFO  factory.BaseClass - Taking screenshot
15:24:37.090 [main] INFO  factory.BaseClass - **************Get the rating of more than three hospitals**************
15:24:40.159 [main] INFO  factory.BaseClass - Taking screenshot
15:24:40.160 [main] INFO  factory.BaseClass - **************Validate the hospitals more then three of rating**************
15:24:40.331 [main] INFO  factory.BaseClass - Taking screenshot
15:24:40.332 [main] INFO  factory.BaseClass - **************Get the top city hospitals**************
15:24:40.701 [main] INFO  factory.BaseClass - Taking screenshot
15:24:40.702 [main] INFO  factory.BaseClass - **************Validate top city hospitals**************
15:24:40.905 [main] INFO  factory.BaseClass - Taking screenshot
15:25:19.863 [main] INFO  factory.BaseClass - Website is opened
15:25:19.864 [main] INFO  factory.BaseClass - **************Click on Corporate Wellness Form**************
15:25:28.035 [main] INFO  factory.BaseClass - Taking screenshot
15:25:28.036 [main] INFO  factory.BaseClass - **************Enter the name**************
15:25:28.465 [main] INFO  factory.BaseClass - Taking screenshot
15:25:28.466 [main] INFO  factory.BaseClass - **************Enter the Organization name**************
15:25:28.809 [main] INFO  factory.BaseClass - Taking screenshot
15:25:28.809 [main] INFO  factory.BaseClass - **************selects the organization size**************
15:25:29.206 [main] INFO  factory.BaseClass - Taking screenshot
15:25:29.207 [main] INFO  factory.BaseClass - **************select the Interested in option**************
15:25:29.593 [main] INFO  factory.BaseClass - Taking screenshot
15:25:29.594 [main] INFO  factory.BaseClass - **************user enter the contact number**************
15:25:29.899 [main] INFO  factory.BaseClass - Taking screenshot
15:25:29.900 [main] INFO  factory.BaseClass - **************user enter the email id **************
15:25:30.308 [main] INFO  factory.BaseClass - Taking screenshot
15:25:30.309 [main] INFO  factory.BaseClass - **************Login button should be Disabeld**************
15:25:30.556 [main] INFO  factory.BaseClass - Taking screenshot
15:25:41.855 [main] INFO  factory.BaseClass - Website is opened
15:25:41.857 [main] INFO  factory.BaseClass - **************Click on Corporate Wellness Form**************
15:26:01.873 [main] INFO  factory.BaseClass - Taking screenshot
15:26:01.874 [main] INFO  factory.BaseClass - **************Enter the name**************
15:26:02.218 [main] INFO  factory.BaseClass - Taking screenshot
15:26:02.219 [main] INFO  factory.BaseClass - **************Enter the Organization name**************
15:26:02.563 [main] INFO  factory.BaseClass - Taking screenshot
15:26:02.563 [main] INFO  factory.BaseClass - **************selects the organization size**************
15:26:02.886 [main] INFO  factory.BaseClass - Taking screenshot
15:26:02.886 [main] INFO  factory.BaseClass - **************select the Interested in option**************
15:26:03.279 [main] INFO  factory.BaseClass - Taking screenshot
15:26:03.279 [main] INFO  factory.BaseClass - **************user enter the contact number**************
15:26:03.651 [main] INFO  factory.BaseClass - Taking screenshot
15:26:03.652 [main] INFO  factory.BaseClass - **************user enter the email id **************
15:26:04.046 [main] INFO  factory.BaseClass - Taking screenshot
15:26:04.047 [main] INFO  factory.BaseClass - **************Login button should be Disabeld**************
15:26:04.333 [main] INFO  factory.BaseClass - Taking screenshot
15:26:11.830 [main] INFO  factory.BaseClass - Website is opened
15:26:11.831 [main] INFO  factory.BaseClass - **************Click on Corporate Wellness Form**************
15:26:19.806 [main] INFO  factory.BaseClass - Taking screenshot
15:26:19.807 [main] INFO  factory.BaseClass - **************Enter the name**************
15:26:20.137 [main] INFO  factory.BaseClass - Taking screenshot
15:26:20.138 [main] INFO  factory.BaseClass - **************Enter the Organization name**************
15:26:20.501 [main] INFO  factory.BaseClass - Taking screenshot
15:26:20.501 [main] INFO  factory.BaseClass - **************selects the organization size**************
15:26:20.834 [main] INFO  factory.BaseClass - Taking screenshot
15:26:20.834 [main] INFO  factory.BaseClass - **************select the Interested in option**************
15:26:21.177 [main] INFO  factory.BaseClass - Taking screenshot
15:26:21.178 [main] INFO  factory.BaseClass - **************user enter the contact number**************
15:26:21.625 [main] INFO  factory.BaseClass - Taking screenshot
15:26:21.626 [main] INFO  factory.BaseClass - **************user enter the email id **************
15:26:21.982 [main] INFO  factory.BaseClass - Taking screenshot
15:26:21.982 [main] INFO  factory.BaseClass - **************Login button should be Disabeld**************
15:26:22.258 [main] INFO  factory.BaseClass - Taking screenshot
15:26:31.029 [main] INFO  factory.BaseClass - Website is opened
15:26:31.030 [main] INFO  factory.BaseClass - **************Click on Corporate Wellness Form**************
15:26:39.830 [main] INFO  factory.BaseClass - Taking screenshot
15:26:39.831 [main] INFO  factory.BaseClass - **************Enter the name**************
15:26:40.167 [main] INFO  factory.BaseClass - Taking screenshot
15:26:40.167 [main] INFO  factory.BaseClass - **************Enter the Organization name**************
15:26:40.492 [main] INFO  factory.BaseClass - Taking screenshot
15:26:40.492 [main] INFO  factory.BaseClass - **************selects the organization size**************
15:26:40.855 [main] INFO  factory.BaseClass - Taking screenshot
15:26:40.856 [main] INFO  factory.BaseClass - **************select the Interested in option**************
15:26:41.252 [main] INFO  factory.BaseClass - Taking screenshot
15:26:41.252 [main] INFO  factory.BaseClass - **************user enter the contact number**************
15:26:41.595 [main] INFO  factory.BaseClass - Taking screenshot
15:26:41.596 [main] INFO  factory.BaseClass - **************user enter the email id **************
15:26:42.025 [main] INFO  factory.BaseClass - Taking screenshot
15:26:42.026 [main] INFO  factory.BaseClass - **************Login button should be enabeld**************
15:27:32.382 [main] INFO  factory.BaseClass - Taking screenshot
18:52:49.449 [main] INFO  factory.BaseClass - Website is opened
18:52:49.526 [main] INFO  factory.BaseClass - ***************Locate the Practo Logo Element*************
18:52:49.898 [main] INFO  factory.BaseClass - Taking screenshot
18:52:49.901 [main] INFO  factory.BaseClass - ***************Validate the Practo Logo is present*************
18:52:49.901 [main] INFO  factory.BaseClass - ***************Locate the Practo Logo Element*************
18:52:51.478 [main] INFO  factory.BaseClass - Taking screenshot
18:52:51.479 [main] INFO  factory.BaseClass - ***************Locate the Login button Element*************
18:52:51.719 [main] INFO  factory.BaseClass - Taking screenshot
18:52:51.721 [main] INFO  factory.BaseClass - ***************Validate the Login button is present*************
18:52:51.721 [main] INFO  factory.BaseClass - ***************Locate the Login button Element*************
18:52:52.166 [main] INFO  factory.BaseClass - Taking screenshot
18:52:52.167 [main] INFO  factory.BaseClass - ***************Locate the Download Element*************
18:52:52.408 [main] INFO  factory.BaseClass - Taking screenshot
18:52:52.409 [main] INFO  factory.BaseClass - **************Validate the download is present**************
18:52:52.409 [main] INFO  factory.BaseClass - ***************Locate the Download Element*************
18:52:52.735 [main] INFO  factory.BaseClass - Taking screenshot
18:53:00.030 [main] INFO  factory.BaseClass - Website is opened
18:53:00.062 [main] INFO  factory.BaseClass - ***************Navigate to Find Doctors page*************
18:53:01.677 [main] INFO  factory.BaseClass - Taking screenshot
18:53:01.678 [main] INFO  factory.BaseClass - ***************Send the value to searchbox*************
18:54:30.524 [main] INFO  factory.BaseClass - Website is opened
18:54:30.605 [main] INFO  factory.BaseClass - **************Select Bangalore city and Search Hospitals**************
18:54:42.293 [main] INFO  factory.BaseClass - Taking screenshot
18:54:42.295 [main] INFO  factory.BaseClass - **************Validate Bangalore city hospitals are displayed**************
18:54:42.734 [main] INFO  factory.BaseClass - Taking screenshot
18:54:42.734 [main] INFO  factory.BaseClass - **************Locate all day opened hospitals element**************
18:54:48.478 [main] INFO  factory.BaseClass - Taking screenshot
18:54:48.478 [main] INFO  factory.BaseClass - **************Validate all day hospitals opened**************
18:54:48.743 [main] INFO  factory.BaseClass - Taking screenshot
18:54:48.744 [main] INFO  factory.BaseClass - **************Get the rating of more than three hospitals**************
18:54:52.649 [main] INFO  factory.BaseClass - Taking screenshot
18:54:52.649 [main] INFO  factory.BaseClass - **************Validate the hospitals more then three of rating**************
18:54:52.881 [main] INFO  factory.BaseClass - Taking screenshot
18:54:52.882 [main] INFO  factory.BaseClass - **************Get the top city hospitals**************
18:54:53.235 [main] INFO  factory.BaseClass - Taking screenshot
18:54:53.235 [main] INFO  factory.BaseClass - **************Validate top city hospitals**************
18:54:53.422 [main] INFO  factory.BaseClass - Taking screenshot
21:39:44.903 [main] INFO  factory.BaseClass - Website is opened
21:39:44.960 [main] INFO  factory.BaseClass - ***************Locate the Practo Logo Element*************
21:39:45.253 [main] INFO  factory.BaseClass - Taking screenshot
21:39:45.255 [main] INFO  factory.BaseClass - ***************Validate the Practo Logo is present*************
21:39:45.255 [main] INFO  factory.BaseClass - ***************Locate the Practo Logo Element*************
21:39:46.662 [main] INFO  factory.BaseClass - Taking screenshot
21:39:46.663 [main] INFO  factory.BaseClass - ***************Locate the Login button Element*************
21:39:46.881 [main] INFO  factory.BaseClass - Taking screenshot
21:39:46.883 [main] INFO  factory.BaseClass - ***************Validate the Login button is present*************
21:39:46.883 [main] INFO  factory.BaseClass - ***************Locate the Login button Element*************
21:39:47.276 [main] INFO  factory.BaseClass - Taking screenshot
21:39:47.278 [main] INFO  factory.BaseClass - ***************Locate the Download Element*************
21:39:47.584 [main] INFO  factory.BaseClass - Taking screenshot
21:39:47.585 [main] INFO  factory.BaseClass - **************Validate the download is present**************
21:39:47.585 [main] INFO  factory.BaseClass - ***************Locate the Download Element*************
21:39:48.033 [main] INFO  factory.BaseClass - Taking screenshot
21:39:56.666 [main] INFO  factory.BaseClass - Website is opened
21:39:56.703 [main] INFO  factory.BaseClass - ***************Navigate to Find Doctors page*************
21:39:58.969 [main] INFO  factory.BaseClass - Taking screenshot
21:39:58.969 [main] INFO  factory.BaseClass - ***************Send the value to searchbox*************
21:40:04.546 [main] INFO  factory.BaseClass - Taking screenshot
21:40:04.547 [main] INFO  factory.BaseClass - ***************Validate the Doctors Name*************
