21:58:16.717 [main] INFO  factory.BaseClass - Website is opened
21:58:16.748 [main] INFO  factory.BaseClass - **************Select Bangalore city and Search Hospitals**************
21:58:30.824 [main] INFO  factory.BaseClass - Taking screenshot
21:58:30.824 [main] INFO  factory.BaseClass - **************Validate Bangalore city hospitals are displayed**************
21:58:31.099 [main] INFO  factory.BaseClass - Taking screenshot
21:58:31.101 [main] INFO  factory.BaseClass - **************Locate all day opened hospitals element**************
21:58:36.472 [main] INFO  factory.BaseClass - Taking screenshot
21:58:36.473 [main] INFO  factory.BaseClass - **************Validate all day hospitals opened**************
21:58:36.656 [main] INFO  factory.BaseClass - Taking screenshot
21:58:36.657 [main] INFO  factory.BaseClass - **************Get the rating of more than three hospitals**************
21:58:39.353 [main] INFO  factory.BaseClass - Taking screenshot
21:58:39.353 [main] INFO  factory.BaseClass - **************Validate the hospitals more then three of rating**************
21:58:39.519 [main] INFO  factory.BaseClass - Taking screenshot
21:58:39.520 [main] INFO  factory.BaseClass - **************Get the top city hospitals**************
21:58:39.726 [main] INFO  factory.BaseClass - Taking screenshot
21:58:39.727 [main] INFO  factory.BaseClass - **************Validate top city hospitals**************
21:58:39.890 [main] INFO  factory.BaseClass - Taking screenshot
21:59:02.169 [main] INFO  factory.BaseClass - Website is opened
21:59:02.171 [main] INFO  factory.BaseClass - **************Click on Corporate Wellness Form**************
21:59:12.375 [main] INFO  factory.BaseClass - Taking screenshot
21:59:12.375 [main] INFO  factory.BaseClass - **************Enter the name**************
21:59:12.636 [main] INFO  factory.BaseClass - Taking screenshot
21:59:12.637 [main] INFO  factory.BaseClass - **************Enter the Organization name**************
21:59:12.869 [main] INFO  factory.BaseClass - Taking screenshot
21:59:12.870 [main] INFO  factory.BaseClass - **************selects the organization size**************
21:59:13.122 [main] INFO  factory.BaseClass - Taking screenshot
21:59:13.122 [main] INFO  factory.BaseClass - **************select the Interested in option**************
21:59:13.399 [main] INFO  factory.BaseClass - Taking screenshot
21:59:13.400 [main] INFO  factory.BaseClass - **************user enter the contact number**************
21:59:13.675 [main] INFO  factory.BaseClass - Taking screenshot
21:59:13.676 [main] INFO  factory.BaseClass - **************user enter the email id **************
21:59:13.941 [main] INFO  factory.BaseClass - Taking screenshot
21:59:13.942 [main] INFO  factory.BaseClass - **************Login button should be Disabeld**************
21:59:14.151 [main] INFO  factory.BaseClass - Taking screenshot
21:59:45.689 [main] INFO  factory.BaseClass - Website is opened
21:59:45.690 [main] INFO  factory.BaseClass - **************Click on Corporate Wellness Form**************
22:00:11.018 [main] INFO  factory.BaseClass - Taking screenshot
22:00:11.018 [main] INFO  factory.BaseClass - **************Enter the name**************
22:00:11.255 [main] INFO  factory.BaseClass - Taking screenshot
22:00:11.256 [main] INFO  factory.BaseClass - **************Enter the Organization name**************
22:00:11.493 [main] INFO  factory.BaseClass - Taking screenshot
22:00:11.493 [main] INFO  factory.BaseClass - **************selects the organization size**************
22:00:11.729 [main] INFO  factory.BaseClass - Taking screenshot
22:00:11.730 [main] INFO  factory.BaseClass - **************select the Interested in option**************
22:00:12.018 [main] INFO  factory.BaseClass - Taking screenshot
22:00:12.019 [main] INFO  factory.BaseClass - **************user enter the contact number**************
22:00:12.314 [main] INFO  factory.BaseClass - Taking screenshot
22:00:12.314 [main] INFO  factory.BaseClass - **************user enter the email id **************
22:00:12.642 [main] INFO  factory.BaseClass - Taking screenshot
22:00:12.642 [main] INFO  factory.BaseClass - **************Login button should be Disabeld**************
22:00:12.870 [main] INFO  factory.BaseClass - Taking screenshot
22:00:44.531 [main] INFO  factory.BaseClass - Website is opened
22:00:44.532 [main] INFO  factory.BaseClass - **************Click on Corporate Wellness Form**************
22:00:48.905 [main] INFO  factory.BaseClass - Taking screenshot
22:00:48.905 [main] INFO  factory.BaseClass - **************Enter the name**************
22:00:49.139 [main] INFO  factory.BaseClass - Taking screenshot
22:00:49.139 [main] INFO  factory.BaseClass - **************Enter the Organization name**************
22:00:49.363 [main] INFO  factory.BaseClass - Taking screenshot
22:00:49.363 [main] INFO  factory.BaseClass - **************selects the organization size**************
22:00:49.613 [main] INFO  factory.BaseClass - Taking screenshot
22:00:49.614 [main] INFO  factory.BaseClass - **************select the Interested in option**************
22:00:49.883 [main] INFO  factory.BaseClass - Taking screenshot
22:00:49.883 [main] INFO  factory.BaseClass - **************user enter the contact number**************
22:00:50.166 [main] INFO  factory.BaseClass - Taking screenshot
22:00:50.167 [main] INFO  factory.BaseClass - **************user enter the email id **************
22:00:50.427 [main] INFO  factory.BaseClass - Taking screenshot
22:00:50.428 [main] INFO  factory.BaseClass - **************Login button should be Disabeld**************
22:00:50.654 [main] INFO  factory.BaseClass - Taking screenshot
22:00:59.855 [main] INFO  factory.BaseClass - Website is opened
22:00:59.856 [main] INFO  factory.BaseClass - **************Click on Corporate Wellness Form**************
22:01:54.348 [main] INFO  factory.BaseClass - Taking screenshot
22:01:54.349 [main] INFO  factory.BaseClass - **************Enter the name**************
22:01:54.614 [main] INFO  factory.BaseClass - Taking screenshot
22:01:54.614 [main] INFO  factory.BaseClass - **************Enter the Organization name**************
22:01:54.852 [main] INFO  factory.BaseClass - Taking screenshot
22:01:54.852 [main] INFO  factory.BaseClass - **************selects the organization size**************
22:01:55.109 [main] INFO  factory.BaseClass - Taking screenshot
22:01:55.110 [main] INFO  factory.BaseClass - **************select the Interested in option**************
22:01:55.394 [main] INFO  factory.BaseClass - Taking screenshot
22:01:55.394 [main] INFO  factory.BaseClass - **************user enter the contact number**************
22:01:55.688 [main] INFO  factory.BaseClass - Taking screenshot
22:01:55.688 [main] INFO  factory.BaseClass - **************user enter the email id **************
22:01:55.972 [main] INFO  factory.BaseClass - Taking screenshot
22:01:55.972 [main] INFO  factory.BaseClass - **************Login button should be enabeld**************
22:04:06.907 [main] INFO  factory.BaseClass - Website is opened
22:04:06.954 [main] INFO  factory.BaseClass - **************Click on Corporate Wellness Form**************
22:04:10.911 [main] INFO  factory.BaseClass - Taking screenshot
22:04:10.913 [main] INFO  factory.BaseClass - **************Enter the name**************
22:04:11.586 [main] INFO  factory.BaseClass - Taking screenshot
22:04:11.587 [main] INFO  factory.BaseClass - **************Enter the Organization name**************
22:04:11.845 [main] INFO  factory.BaseClass - Taking screenshot
22:04:11.848 [main] INFO  factory.BaseClass - **************selects the organization size**************
22:04:12.131 [main] INFO  factory.BaseClass - Taking screenshot
22:04:12.132 [main] INFO  factory.BaseClass - **************select the Interested in option**************
22:04:12.452 [main] INFO  factory.BaseClass - Taking screenshot
22:04:12.453 [main] INFO  factory.BaseClass - **************user enter the contact number**************
22:04:12.728 [main] INFO  factory.BaseClass - Taking screenshot
22:04:12.728 [main] INFO  factory.BaseClass - **************user enter the email id **************
22:04:12.996 [main] INFO  factory.BaseClass - Taking screenshot
22:04:12.997 [main] INFO  factory.BaseClass - **************Login button should be Disabeld**************
22:04:13.229 [main] INFO  factory.BaseClass - Taking screenshot
22:04:22.186 [main] INFO  factory.BaseClass - Website is opened
22:04:22.188 [main] INFO  factory.BaseClass - **************Click on Corporate Wellness Form**************
22:04:26.055 [main] INFO  factory.BaseClass - Taking screenshot
22:04:26.056 [main] INFO  factory.BaseClass - **************Enter the name**************
22:04:26.402 [main] INFO  factory.BaseClass - Taking screenshot
22:04:26.403 [main] INFO  factory.BaseClass - **************Enter the Organization name**************
22:04:26.676 [main] INFO  factory.BaseClass - Taking screenshot
22:04:26.676 [main] INFO  factory.BaseClass - **************selects the organization size**************
22:04:27.034 [main] INFO  factory.BaseClass - Taking screenshot
22:04:27.034 [main] INFO  factory.BaseClass - **************select the Interested in option**************
22:04:27.374 [main] INFO  factory.BaseClass - Taking screenshot
22:04:27.374 [main] INFO  factory.BaseClass - **************user enter the contact number**************
22:04:27.706 [main] INFO  factory.BaseClass - Taking screenshot
22:04:27.706 [main] INFO  factory.BaseClass - **************user enter the email id **************
22:04:28.070 [main] INFO  factory.BaseClass - Taking screenshot
22:04:28.070 [main] INFO  factory.BaseClass - **************Login button should be Disabeld**************
22:04:28.367 [main] INFO  factory.BaseClass - Taking screenshot
22:05:00.009 [main] INFO  factory.BaseClass - Website is opened
22:05:00.011 [main] INFO  factory.BaseClass - **************Click on Corporate Wellness Form**************
22:05:03.535 [main] INFO  factory.BaseClass - Taking screenshot
22:05:03.536 [main] INFO  factory.BaseClass - **************Enter the name**************
22:05:03.813 [main] INFO  factory.BaseClass - Taking screenshot
22:05:03.814 [main] INFO  factory.BaseClass - **************Enter the Organization name**************
22:05:04.061 [main] INFO  factory.BaseClass - Taking screenshot
22:05:04.061 [main] INFO  factory.BaseClass - **************selects the organization size**************
22:05:04.371 [main] INFO  factory.BaseClass - Taking screenshot
22:05:04.373 [main] INFO  factory.BaseClass - **************select the Interested in option**************
22:05:04.786 [main] INFO  factory.BaseClass - Taking screenshot
22:05:04.786 [main] INFO  factory.BaseClass - **************user enter the contact number**************
22:05:05.074 [main] INFO  factory.BaseClass - Taking screenshot
22:05:05.074 [main] INFO  factory.BaseClass - **************user enter the email id **************
22:05:05.366 [main] INFO  factory.BaseClass - Taking screenshot
22:05:05.367 [main] INFO  factory.BaseClass - **************Login button should be Disabeld**************
22:05:05.614 [main] INFO  factory.BaseClass - Taking screenshot
22:05:13.758 [main] INFO  factory.BaseClass - Website is opened
22:05:13.759 [main] INFO  factory.BaseClass - **************Click on Corporate Wellness Form**************
22:05:17.251 [main] INFO  factory.BaseClass - Taking screenshot
22:05:17.251 [main] INFO  factory.BaseClass - **************Enter the name**************
22:05:17.556 [main] INFO  factory.BaseClass - Taking screenshot
22:05:17.556 [main] INFO  factory.BaseClass - **************Enter the Organization name**************
22:05:17.823 [main] INFO  factory.BaseClass - Taking screenshot
22:05:17.823 [main] INFO  factory.BaseClass - **************selects the organization size**************
22:05:18.114 [main] INFO  factory.BaseClass - Taking screenshot
22:05:18.114 [main] INFO  factory.BaseClass - **************select the Interested in option**************
22:05:18.440 [main] INFO  factory.BaseClass - Taking screenshot
22:05:18.441 [main] INFO  factory.BaseClass - **************user enter the contact number**************
22:05:18.767 [main] INFO  factory.BaseClass - Taking screenshot
22:05:18.768 [main] INFO  factory.BaseClass - **************user enter the email id **************
22:05:19.144 [main] INFO  factory.BaseClass - Taking screenshot
22:05:19.145 [main] INFO  factory.BaseClass - **************Login button should be enabeld**************
22:05:55.094 [main] INFO  factory.BaseClass - Taking screenshot
22:07:55.632 [main] INFO  factory.BaseClass - Website is opened
22:07:55.685 [main] INFO  factory.BaseClass - **************Click on Corporate Wellness Form**************
22:08:09.257 [main] INFO  factory.BaseClass - Taking screenshot
22:08:09.260 [main] INFO  factory.BaseClass - **************Enter the name**************
22:08:09.981 [main] INFO  factory.BaseClass - Taking screenshot
22:08:09.981 [main] INFO  factory.BaseClass - **************Enter the Organization name**************
22:08:10.230 [main] INFO  factory.BaseClass - Taking screenshot
22:08:10.231 [main] INFO  factory.BaseClass - **************selects the organization size**************
22:08:10.528 [main] INFO  factory.BaseClass - Taking screenshot
22:08:10.529 [main] INFO  factory.BaseClass - **************select the Interested in option**************
22:08:10.803 [main] INFO  factory.BaseClass - Taking screenshot
22:08:10.805 [main] INFO  factory.BaseClass - **************user enter the contact number**************
22:08:11.092 [main] INFO  factory.BaseClass - Taking screenshot
22:08:11.092 [main] INFO  factory.BaseClass - **************user enter the email id **************
22:08:11.406 [main] INFO  factory.BaseClass - Taking screenshot
22:08:11.407 [main] INFO  factory.BaseClass - **************Login button should be enabeld**************
22:08:36.717 [main] INFO  factory.BaseClass - Taking screenshot
09:25:00.849 [main] INFO  factory.BaseClass - Website is opened
09:25:00.878 [main] INFO  factory.BaseClass - **************Click on Corporate Wellness Form**************
09:26:00.417 [main] INFO  factory.BaseClass - Taking screenshot
09:26:00.417 [main] INFO  factory.BaseClass - **************Enter the name**************
09:26:01.525 [main] INFO  factory.BaseClass - Taking screenshot
09:26:01.526 [main] INFO  factory.BaseClass - **************Enter the Organization name**************
09:26:01.875 [main] INFO  factory.BaseClass - Taking screenshot
09:26:01.877 [main] INFO  factory.BaseClass - **************selects the organization size**************
09:26:02.261 [main] INFO  factory.BaseClass - Taking screenshot
09:26:02.262 [main] INFO  factory.BaseClass - **************select the Interested in option**************
09:26:02.718 [main] INFO  factory.BaseClass - Taking screenshot
09:26:02.721 [main] INFO  factory.BaseClass - **************user enter the contact number**************
09:26:03.112 [main] INFO  factory.BaseClass - Taking screenshot
09:26:03.113 [main] INFO  factory.BaseClass - **************user enter the email id **************
09:26:03.519 [main] INFO  factory.BaseClass - Taking screenshot
09:26:03.521 [main] INFO  factory.BaseClass - **************Login button should be Disabeld**************
09:26:03.848 [main] INFO  factory.BaseClass - Taking screenshot
09:26:42.778 [main] INFO  factory.BaseClass - Website is opened
09:26:42.780 [main] INFO  factory.BaseClass - **************Click on Corporate Wellness Form**************
09:27:14.627 [main] INFO  factory.BaseClass - Taking screenshot
09:27:14.627 [main] INFO  factory.BaseClass - **************Enter the name**************
09:27:15.030 [main] INFO  factory.BaseClass - Taking screenshot
09:27:15.031 [main] INFO  factory.BaseClass - **************Enter the Organization name**************
09:27:15.394 [main] INFO  factory.BaseClass - Taking screenshot
09:27:15.394 [main] INFO  factory.BaseClass - **************selects the organization size**************
09:27:15.827 [main] INFO  factory.BaseClass - Taking screenshot
09:27:15.828 [main] INFO  factory.BaseClass - **************select the Interested in option**************
09:27:16.203 [main] INFO  factory.BaseClass - Taking screenshot
09:27:16.204 [main] INFO  factory.BaseClass - **************user enter the contact number**************
09:27:16.581 [main] INFO  factory.BaseClass - Taking screenshot
09:27:16.581 [main] INFO  factory.BaseClass - **************user enter the email id **************
09:27:16.988 [main] INFO  factory.BaseClass - Taking screenshot
09:27:16.990 [main] INFO  factory.BaseClass - **************Login button should be Disabeld**************
09:27:17.260 [main] INFO  factory.BaseClass - Taking screenshot
09:27:54.508 [main] INFO  factory.BaseClass - Website is opened
09:27:54.509 [main] INFO  factory.BaseClass - **************Click on Corporate Wellness Form**************
09:28:26.471 [main] INFO  factory.BaseClass - Taking screenshot
09:28:26.472 [main] INFO  factory.BaseClass - **************Enter the name**************
09:28:26.865 [main] INFO  factory.BaseClass - Taking screenshot
09:28:26.865 [main] INFO  factory.BaseClass - **************Enter the Organization name**************
09:28:27.238 [main] INFO  factory.BaseClass - Taking screenshot
09:28:27.239 [main] INFO  factory.BaseClass - **************selects the organization size**************
09:28:27.638 [main] INFO  factory.BaseClass - Taking screenshot
09:28:27.639 [main] INFO  factory.BaseClass - **************select the Interested in option**************
09:28:28.019 [main] INFO  factory.BaseClass - Taking screenshot
09:28:28.019 [main] INFO  factory.BaseClass - **************user enter the contact number**************
09:28:28.387 [main] INFO  factory.BaseClass - Taking screenshot
09:28:28.388 [main] INFO  factory.BaseClass - **************user enter the email id **************
09:28:28.733 [main] INFO  factory.BaseClass - Taking screenshot
09:28:28.733 [main] INFO  factory.BaseClass - **************Login button should be Disabeld**************
09:28:29.006 [main] INFO  factory.BaseClass - Taking screenshot
09:28:36.183 [main] INFO  factory.BaseClass - Website is opened
09:28:36.185 [main] INFO  factory.BaseClass - **************Click on Corporate Wellness Form**************
09:29:08.236 [main] INFO  factory.BaseClass - Taking screenshot
09:29:08.237 [main] INFO  factory.BaseClass - **************Enter the name**************
09:29:08.636 [main] INFO  factory.BaseClass - Taking screenshot
09:29:08.636 [main] INFO  factory.BaseClass - **************Enter the Organization name**************
09:29:08.960 [main] INFO  factory.BaseClass - Taking screenshot
09:29:08.960 [main] INFO  factory.BaseClass - **************selects the organization size**************
09:29:09.298 [main] INFO  factory.BaseClass - Taking screenshot
09:29:09.299 [main] INFO  factory.BaseClass - **************select the Interested in option**************
09:29:09.686 [main] INFO  factory.BaseClass - Taking screenshot
09:29:09.687 [main] INFO  factory.BaseClass - **************user enter the contact number**************
09:29:10.036 [main] INFO  factory.BaseClass - Taking screenshot
09:29:10.037 [main] INFO  factory.BaseClass - **************user enter the email id **************
09:29:10.462 [main] INFO  factory.BaseClass - Taking screenshot
09:29:10.464 [main] INFO  factory.BaseClass - **************Login button should be enabeld**************
09:29:16.123 [main] INFO  factory.BaseClass - Taking screenshot
09:30:22.946 [main] INFO  factory.BaseClass - Website is opened
09:30:23.034 [main] INFO  factory.BaseClass - **************Click on Corporate Wellness Form**************
09:30:55.152 [main] INFO  factory.BaseClass - Taking screenshot
09:30:55.155 [main] INFO  factory.BaseClass - **************Enter the name**************
09:30:56.062 [main] INFO  factory.BaseClass - Taking screenshot
09:30:56.063 [main] INFO  factory.BaseClass - **************Enter the Organization name**************
09:30:56.387 [main] INFO  factory.BaseClass - Taking screenshot
09:30:56.389 [main] INFO  factory.BaseClass - **************selects the organization size**************
09:30:56.775 [main] INFO  factory.BaseClass - Taking screenshot
09:30:56.775 [main] INFO  factory.BaseClass - **************select the Interested in option**************
09:30:57.190 [main] INFO  factory.BaseClass - Taking screenshot
09:30:57.192 [main] INFO  factory.BaseClass - **************user enter the contact number**************
09:30:57.575 [main] INFO  factory.BaseClass - Taking screenshot
09:30:57.576 [main] INFO  factory.BaseClass - **************user enter the email id **************
09:30:57.967 [main] INFO  factory.BaseClass - Taking screenshot
09:30:57.969 [main] INFO  factory.BaseClass - **************Login button should be Disabeld**************
09:30:58.304 [main] INFO  factory.BaseClass - Taking screenshot
09:31:35.672 [main] INFO  factory.BaseClass - Website is opened
09:31:35.675 [main] INFO  factory.BaseClass - **************Click on Corporate Wellness Form**************
09:32:07.568 [main] INFO  factory.BaseClass - Taking screenshot
09:32:07.569 [main] INFO  factory.BaseClass - **************Enter the name**************
09:32:07.956 [main] INFO  factory.BaseClass - Taking screenshot
09:32:07.957 [main] INFO  factory.BaseClass - **************Enter the Organization name**************
09:32:08.286 [main] INFO  factory.BaseClass - Taking screenshot
09:32:08.287 [main] INFO  factory.BaseClass - **************selects the organization size**************
09:32:08.674 [main] INFO  factory.BaseClass - Taking screenshot
09:32:08.675 [main] INFO  factory.BaseClass - **************select the Interested in option**************
09:32:09.060 [main] INFO  factory.BaseClass - Taking screenshot
09:32:09.060 [main] INFO  factory.BaseClass - **************user enter the contact number**************
09:32:09.424 [main] INFO  factory.BaseClass - Taking screenshot
09:32:09.424 [main] INFO  factory.BaseClass - **************user enter the email id **************
09:32:09.826 [main] INFO  factory.BaseClass - Taking screenshot
09:32:09.827 [main] INFO  factory.BaseClass - **************Login button should be Disabeld**************
09:32:10.090 [main] INFO  factory.BaseClass - Taking screenshot
09:32:47.105 [main] INFO  factory.BaseClass - Website is opened
09:32:47.107 [main] INFO  factory.BaseClass - **************Click on Corporate Wellness Form**************
09:33:19.122 [main] INFO  factory.BaseClass - Taking screenshot
09:33:19.123 [main] INFO  factory.BaseClass - **************Enter the name**************
09:33:19.566 [main] INFO  factory.BaseClass - Taking screenshot
09:33:19.566 [main] INFO  factory.BaseClass - **************Enter the Organization name**************
09:33:19.968 [main] INFO  factory.BaseClass - Taking screenshot
09:33:19.969 [main] INFO  factory.BaseClass - **************selects the organization size**************
09:33:20.366 [main] INFO  factory.BaseClass - Taking screenshot
09:33:20.367 [main] INFO  factory.BaseClass - **************select the Interested in option**************
09:33:20.770 [main] INFO  factory.BaseClass - Taking screenshot
09:33:20.771 [main] INFO  factory.BaseClass - **************user enter the contact number**************
09:33:21.131 [main] INFO  factory.BaseClass - Taking screenshot
09:33:21.131 [main] INFO  factory.BaseClass - **************user enter the email id **************
09:33:21.507 [main] INFO  factory.BaseClass - Taking screenshot
09:33:21.507 [main] INFO  factory.BaseClass - **************Login button should be Disabeld**************
09:33:21.781 [main] INFO  factory.BaseClass - Taking screenshot
09:33:59.282 [main] INFO  factory.BaseClass - Website is opened
09:33:59.283 [main] INFO  factory.BaseClass - **************Click on Corporate Wellness Form**************
09:34:31.208 [main] INFO  factory.BaseClass - Taking screenshot
09:34:31.210 [main] INFO  factory.BaseClass - **************Enter the name**************
09:34:31.584 [main] INFO  factory.BaseClass - Taking screenshot
09:34:31.585 [main] INFO  factory.BaseClass - **************Enter the Organization name**************
09:34:31.922 [main] INFO  factory.BaseClass - Taking screenshot
09:34:31.922 [main] INFO  factory.BaseClass - **************selects the organization size**************
09:34:32.314 [main] INFO  factory.BaseClass - Taking screenshot
09:34:32.314 [main] INFO  factory.BaseClass - **************select the Interested in option**************
09:34:32.712 [main] INFO  factory.BaseClass - Taking screenshot
09:34:32.713 [main] INFO  factory.BaseClass - **************user enter the contact number**************
09:34:33.051 [main] INFO  factory.BaseClass - Taking screenshot
09:34:33.051 [main] INFO  factory.BaseClass - **************user enter the email id **************
09:34:33.472 [main] INFO  factory.BaseClass - Taking screenshot
09:34:33.474 [main] INFO  factory.BaseClass - **************Login button should be enabeld**************
09:35:09.490 [main] INFO  factory.BaseClass - Taking screenshot
09:38:56.277 [main] INFO  factory.BaseClass - Website is opened
09:38:56.365 [main] INFO  factory.BaseClass - **************Click on Corporate Wellness Form**************
09:39:28.406 [main] INFO  factory.BaseClass - Taking screenshot
09:39:28.409 [main] INFO  factory.BaseClass - **************Enter the name**************
09:39:29.374 [main] INFO  factory.BaseClass - Taking screenshot
09:39:29.375 [main] INFO  factory.BaseClass - **************Enter the Organization name**************
09:39:29.709 [main] INFO  factory.BaseClass - Taking screenshot
09:39:29.711 [main] INFO  factory.BaseClass - **************selects the organization size**************
09:39:30.092 [main] INFO  factory.BaseClass - Taking screenshot
09:39:30.093 [main] INFO  factory.BaseClass - **************select the Interested in option**************
09:39:30.495 [main] INFO  factory.BaseClass - Taking screenshot
09:39:30.496 [main] INFO  factory.BaseClass - **************user enter the contact number**************
09:39:30.895 [main] INFO  factory.BaseClass - Taking screenshot
09:39:30.895 [main] INFO  factory.BaseClass - **************user enter the email id **************
09:39:31.312 [main] INFO  factory.BaseClass - Taking screenshot
09:39:31.313 [main] INFO  factory.BaseClass - **************Login button should be enabeld**************
09:40:03.796 [main] INFO  factory.BaseClass - Taking screenshot
09:41:32.536 [main] INFO  factory.BaseClass - Website is opened
09:41:32.577 [main] INFO  factory.BaseClass - **************Click on Corporate Wellness Form**************
09:42:04.717 [main] INFO  factory.BaseClass - Taking screenshot
09:42:04.720 [main] INFO  factory.BaseClass - **************Enter the name**************
09:42:05.597 [main] INFO  factory.BaseClass - Taking screenshot
09:42:05.598 [main] INFO  factory.BaseClass - **************Enter the Organization name**************
09:42:05.933 [main] INFO  factory.BaseClass - Taking screenshot
09:42:05.935 [main] INFO  factory.BaseClass - **************selects the organization size**************
09:42:06.279 [main] INFO  factory.BaseClass - Taking screenshot
09:42:06.280 [main] INFO  factory.BaseClass - **************select the Interested in option**************
09:42:06.680 [main] INFO  factory.BaseClass - Taking screenshot
09:42:06.682 [main] INFO  factory.BaseClass - **************user enter the contact number**************
09:42:07.086 [main] INFO  factory.BaseClass - Taking screenshot
09:42:07.087 [main] INFO  factory.BaseClass - **************user enter the email id **************
09:42:07.545 [main] INFO  factory.BaseClass - Taking screenshot
09:42:07.546 [main] INFO  factory.BaseClass - **************Login button should be enabeld**************
09:42:43.528 [main] INFO  factory.BaseClass - Taking screenshot
09:43:44.816 [main] INFO  factory.BaseClass - Website is opened
09:43:44.844 [main] INFO  factory.BaseClass - **************Click on Corporate Wellness Form**************
09:44:16.945 [main] INFO  factory.BaseClass - Taking screenshot
09:44:16.947 [main] INFO  factory.BaseClass - **************Enter the name**************
09:44:17.844 [main] INFO  factory.BaseClass - Taking screenshot
09:44:17.845 [main] INFO  factory.BaseClass - **************Enter the Organization name**************
09:44:18.172 [main] INFO  factory.BaseClass - Taking screenshot
09:44:18.174 [main] INFO  factory.BaseClass - **************selects the organization size**************
09:44:18.541 [main] INFO  factory.BaseClass - Taking screenshot
09:44:18.542 [main] INFO  factory.BaseClass - **************select the Interested in option**************
09:44:18.933 [main] INFO  factory.BaseClass - Taking screenshot
09:44:18.935 [main] INFO  factory.BaseClass - **************user enter the contact number**************
09:44:19.302 [main] INFO  factory.BaseClass - Taking screenshot
09:44:19.303 [main] INFO  factory.BaseClass - **************user enter the email id **************
09:44:19.686 [main] INFO  factory.BaseClass - Taking screenshot
09:44:19.689 [main] INFO  factory.BaseClass - **************Login button should be enabeld**************
09:44:39.741 [main] INFO  factory.BaseClass - Taking screenshot
09:59:11.786 [main] INFO  factory.BaseClass - Website is opened
09:59:11.850 [main] INFO  factory.BaseClass - **************Click on Corporate Wellness Form**************
09:59:43.781 [main] INFO  factory.BaseClass - Taking screenshot
09:59:43.785 [main] INFO  factory.BaseClass - **************Enter the name**************
09:59:44.525 [main] INFO  factory.BaseClass - Taking screenshot
09:59:44.526 [main] INFO  factory.BaseClass - **************Enter the Organization name**************
09:59:44.781 [main] INFO  factory.BaseClass - Taking screenshot
09:59:44.783 [main] INFO  factory.BaseClass - **************selects the organization size**************
09:59:45.092 [main] INFO  factory.BaseClass - Taking screenshot
09:59:45.093 [main] INFO  factory.BaseClass - **************select the Interested in option**************
09:59:45.392 [main] INFO  factory.BaseClass - Taking screenshot
09:59:45.394 [main] INFO  factory.BaseClass - **************user enter the contact number**************
09:59:45.686 [main] INFO  factory.BaseClass - Taking screenshot
09:59:45.687 [main] INFO  factory.BaseClass - **************user enter the email id **************
09:59:45.986 [main] INFO  factory.BaseClass - Taking screenshot
09:59:45.987 [main] INFO  factory.BaseClass - **************Login button should be Disabeld**************
09:59:46.214 [main] INFO  factory.BaseClass - Taking screenshot
10:00:24.296 [main] INFO  factory.BaseClass - Website is opened
10:00:24.299 [main] INFO  factory.BaseClass - **************Click on Corporate Wellness Form**************
10:00:56.131 [main] INFO  factory.BaseClass - Taking screenshot
10:00:56.131 [main] INFO  factory.BaseClass - **************Enter the name**************
10:00:56.420 [main] INFO  factory.BaseClass - Taking screenshot
10:00:56.421 [main] INFO  factory.BaseClass - **************Enter the Organization name**************
10:00:56.665 [main] INFO  factory.BaseClass - Taking screenshot
10:00:56.666 [main] INFO  factory.BaseClass - **************selects the organization size**************
10:00:56.936 [main] INFO  factory.BaseClass - Taking screenshot
10:00:56.937 [main] INFO  factory.BaseClass - **************select the Interested in option**************
10:00:57.260 [main] INFO  factory.BaseClass - Taking screenshot
10:00:57.261 [main] INFO  factory.BaseClass - **************user enter the contact number**************
10:00:57.555 [main] INFO  factory.BaseClass - Taking screenshot
10:00:57.556 [main] INFO  factory.BaseClass - **************user enter the email id **************
10:00:57.838 [main] INFO  factory.BaseClass - Taking screenshot
10:00:57.838 [main] INFO  factory.BaseClass - **************Login button should be Disabeld**************
10:00:58.065 [main] INFO  factory.BaseClass - Taking screenshot
10:01:35.277 [main] INFO  factory.BaseClass - Website is opened
10:01:35.278 [main] INFO  factory.BaseClass - **************Click on Corporate Wellness Form**************
10:02:07.214 [main] INFO  factory.BaseClass - Taking screenshot
10:02:07.215 [main] INFO  factory.BaseClass - **************Enter the name**************
10:02:07.494 [main] INFO  factory.BaseClass - Taking screenshot
10:02:07.494 [main] INFO  factory.BaseClass - **************Enter the Organization name**************
10:02:07.742 [main] INFO  factory.BaseClass - Taking screenshot
10:02:07.742 [main] INFO  factory.BaseClass - **************selects the organization size**************
10:02:08.006 [main] INFO  factory.BaseClass - Taking screenshot
10:02:08.006 [main] INFO  factory.BaseClass - **************select the Interested in option**************
10:02:08.319 [main] INFO  factory.BaseClass - Taking screenshot
10:02:08.320 [main] INFO  factory.BaseClass - **************user enter the contact number**************
10:02:08.599 [main] INFO  factory.BaseClass - Taking screenshot
10:02:08.600 [main] INFO  factory.BaseClass - **************user enter the email id **************
10:02:08.873 [main] INFO  factory.BaseClass - Taking screenshot
10:02:08.874 [main] INFO  factory.BaseClass - **************Login button should be Disabeld**************
10:02:09.096 [main] INFO  factory.BaseClass - Taking screenshot
10:02:46.260 [main] INFO  factory.BaseClass - Website is opened
10:02:46.261 [main] INFO  factory.BaseClass - **************Click on Corporate Wellness Form**************
10:03:17.937 [main] INFO  factory.BaseClass - Taking screenshot
10:03:17.938 [main] INFO  factory.BaseClass - **************Enter the name**************
10:03:18.216 [main] INFO  factory.BaseClass - Taking screenshot
10:03:18.216 [main] INFO  factory.BaseClass - **************Enter the Organization name**************
10:03:18.456 [main] INFO  factory.BaseClass - Taking screenshot
10:03:18.456 [main] INFO  factory.BaseClass - **************selects the organization size**************
10:03:18.707 [main] INFO  factory.BaseClass - Taking screenshot
10:03:18.708 [main] INFO  factory.BaseClass - **************select the Interested in option**************
10:03:19.015 [main] INFO  factory.BaseClass - Taking screenshot
10:03:19.016 [main] INFO  factory.BaseClass - **************user enter the contact number**************
10:03:19.293 [main] INFO  factory.BaseClass - Taking screenshot
10:03:19.293 [main] INFO  factory.BaseClass - **************user enter the email id **************
10:03:19.571 [main] INFO  factory.BaseClass - Taking screenshot
10:03:19.572 [main] INFO  factory.BaseClass - **************Login button should be enabeld**************
10:04:10.082 [main] INFO  factory.BaseClass - Taking screenshot
10:07:04.087 [main] INFO  factory.BaseClass - Website is opened
10:07:04.109 [main] INFO  factory.BaseClass - **************Click on Corporate Wellness Form**************
10:07:35.790 [main] INFO  factory.BaseClass - Taking screenshot
10:07:35.792 [main] INFO  factory.BaseClass - **************Enter the name**************
10:07:36.483 [main] INFO  factory.BaseClass - Taking screenshot
10:07:36.484 [main] INFO  factory.BaseClass - **************Enter the Organization name**************
10:07:36.738 [main] INFO  factory.BaseClass - Taking screenshot
10:07:36.739 [main] INFO  factory.BaseClass - **************selects the organization size**************
10:07:37.032 [main] INFO  factory.BaseClass - Taking screenshot
10:07:37.033 [main] INFO  factory.BaseClass - **************select the Interested in option**************
10:07:37.332 [main] INFO  factory.BaseClass - Taking screenshot
10:07:37.334 [main] INFO  factory.BaseClass - **************user enter the contact number**************
10:07:37.611 [main] INFO  factory.BaseClass - Taking screenshot
10:07:37.611 [main] INFO  factory.BaseClass - **************user enter the email id **************
10:07:37.897 [main] INFO  factory.BaseClass - Taking screenshot
10:07:37.899 [main] INFO  factory.BaseClass - **************Login button should be Disabeld**************
10:07:38.129 [main] INFO  factory.BaseClass - Taking screenshot
10:08:15.167 [main] INFO  factory.BaseClass - Website is opened
10:08:15.169 [main] INFO  factory.BaseClass - **************Click on Corporate Wellness Form**************
10:08:47.198 [main] INFO  factory.BaseClass - Taking screenshot
10:08:47.198 [main] INFO  factory.BaseClass - **************Enter the name**************
10:08:47.477 [main] INFO  factory.BaseClass - Taking screenshot
10:08:47.478 [main] INFO  factory.BaseClass - **************Enter the Organization name**************
10:08:47.727 [main] INFO  factory.BaseClass - Taking screenshot
10:08:47.728 [main] INFO  factory.BaseClass - **************selects the organization size**************
10:08:47.992 [main] INFO  factory.BaseClass - Taking screenshot
10:08:47.993 [main] INFO  factory.BaseClass - **************select the Interested in option**************
10:08:48.321 [main] INFO  factory.BaseClass - Taking screenshot
10:08:48.322 [main] INFO  factory.BaseClass - **************user enter the contact number**************
10:08:48.623 [main] INFO  factory.BaseClass - Taking screenshot
10:08:48.623 [main] INFO  factory.BaseClass - **************user enter the email id **************
10:08:48.915 [main] INFO  factory.BaseClass - Taking screenshot
10:08:48.915 [main] INFO  factory.BaseClass - **************Login button should be Disabeld**************
10:08:49.148 [main] INFO  factory.BaseClass - Taking screenshot
10:09:27.513 [main] INFO  factory.BaseClass - Website is opened
10:09:27.514 [main] INFO  factory.BaseClass - **************Click on Corporate Wellness Form**************
10:09:59.730 [main] INFO  factory.BaseClass - Taking screenshot
10:09:59.731 [main] INFO  factory.BaseClass - **************Enter the name**************
10:10:00.017 [main] INFO  factory.BaseClass - Taking screenshot
10:10:00.017 [main] INFO  factory.BaseClass - **************Enter the Organization name**************
10:10:00.245 [main] INFO  factory.BaseClass - Taking screenshot
10:10:00.246 [main] INFO  factory.BaseClass - **************selects the organization size**************
10:10:00.508 [main] INFO  factory.BaseClass - Taking screenshot
10:10:00.509 [main] INFO  factory.BaseClass - **************select the Interested in option**************
10:10:00.826 [main] INFO  factory.BaseClass - Taking screenshot
10:10:00.826 [main] INFO  factory.BaseClass - **************user enter the contact number**************
10:10:01.112 [main] INFO  factory.BaseClass - Taking screenshot
10:10:01.114 [main] INFO  factory.BaseClass - **************user enter the email id **************
10:10:01.388 [main] INFO  factory.BaseClass - Taking screenshot
10:10:01.389 [main] INFO  factory.BaseClass - **************Login button should be Disabeld**************
10:10:01.616 [main] INFO  factory.BaseClass - Taking screenshot
10:10:39.184 [main] INFO  factory.BaseClass - Website is opened
10:10:39.185 [main] INFO  factory.BaseClass - **************Click on Corporate Wellness Form**************
10:11:10.948 [main] INFO  factory.BaseClass - Taking screenshot
10:11:10.948 [main] INFO  factory.BaseClass - **************Enter the name**************
10:11:11.248 [main] INFO  factory.BaseClass - Taking screenshot
10:11:11.248 [main] INFO  factory.BaseClass - **************Enter the Organization name**************
10:11:11.483 [main] INFO  factory.BaseClass - Taking screenshot
10:11:11.484 [main] INFO  factory.BaseClass - **************selects the organization size**************
10:11:11.744 [main] INFO  factory.BaseClass - Taking screenshot
10:11:11.745 [main] INFO  factory.BaseClass - **************select the Interested in option**************
10:11:12.066 [main] INFO  factory.BaseClass - Taking screenshot
10:11:12.066 [main] INFO  factory.BaseClass - **************user enter the contact number**************
10:11:12.338 [main] INFO  factory.BaseClass - Taking screenshot
10:11:12.339 [main] INFO  factory.BaseClass - **************user enter the email id **************
10:11:12.624 [main] INFO  factory.BaseClass - Taking screenshot
10:11:12.625 [main] INFO  factory.BaseClass - **************Login button should be enabeld**************
10:12:10.958 [main] INFO  factory.BaseClass - Taking screenshot
10:32:06.985 [main] INFO  factory.BaseClass - Website is opened
10:32:07.045 [main] INFO  factory.BaseClass - ***************Locate the Practo Logo Element*************
10:32:07.320 [main] INFO  factory.BaseClass - Taking screenshot
10:32:07.322 [main] INFO  factory.BaseClass - ***************Validate the Practo Logo is present*************
10:32:07.322 [main] INFO  factory.BaseClass - ***************Locate the Practo Logo Element*************
10:32:08.284 [main] INFO  factory.BaseClass - Taking screenshot
10:32:08.284 [main] INFO  factory.BaseClass - ***************Locate the Login button Element*************
10:32:08.505 [main] INFO  factory.BaseClass - Taking screenshot
10:32:08.506 [main] INFO  factory.BaseClass - ***************Validate the Login button is present*************
10:32:08.507 [main] INFO  factory.BaseClass - ***************Locate the Login button Element*************
10:32:08.836 [main] INFO  factory.BaseClass - Taking screenshot
10:32:08.837 [main] INFO  factory.BaseClass - ***************Locate the Download Element*************
10:32:09.106 [main] INFO  factory.BaseClass - Taking screenshot
10:32:09.107 [main] INFO  factory.BaseClass - **************Validate the download is present**************
10:32:09.107 [main] INFO  factory.BaseClass - ***************Locate the Download Element*************
10:32:09.495 [main] INFO  factory.BaseClass - Taking screenshot
10:33:10.563 [main] INFO  factory.BaseClass - Website is opened
10:33:10.589 [main] INFO  factory.BaseClass - ***************Navigate to Find Doctors page*************
10:33:41.799 [main] INFO  factory.BaseClass - Taking screenshot
10:33:41.799 [main] INFO  factory.BaseClass - ***************Send the value to searchbox*************
10:33:50.310 [main] INFO  factory.BaseClass - Taking screenshot
10:33:50.311 [main] INFO  factory.BaseClass - ***************Validate the Doctors Name*************
10:34:00.543 [main] INFO  factory.BaseClass - Taking screenshot
10:34:00.544 [main] INFO  factory.BaseClass - ***************Valiadate the Book Free option*************
10:34:10.714 [main] INFO  factory.BaseClass - Taking screenshot
10:35:12.680 [main] INFO  factory.BaseClass - Website is opened
10:35:12.701 [main] INFO  factory.BaseClass - ***************Navigate to video Consult page*************
10:35:15.665 [main] INFO  factory.BaseClass - Taking screenshot
10:35:15.665 [main] INFO  factory.BaseClass - ***************Locate the video consult element*************
10:35:15.921 [main] INFO  factory.BaseClass - Taking screenshot
10:35:15.922 [main] INFO  factory.BaseClass - ***************Validate Consult Now button is present*************
10:35:15.922 [main] INFO  factory.BaseClass - ***************Locate the video consult element*************
10:35:16.223 [main] INFO  factory.BaseClass - Taking screenshot
10:35:16.223 [main] INFO  factory.BaseClass - ***************Get all specialities datas*************
10:35:17.394 [main] INFO  factory.BaseClass - Taking screenshot
10:35:17.395 [main] INFO  factory.BaseClass - ***************Validate specialities availability*************
10:35:17.680 [main] INFO  factory.BaseClass - Taking screenshot
10:35:17.681 [main] INFO  factory.BaseClass - ***************Get all Common Health Concern datas and price*************
10:35:18.163 [main] INFO  factory.BaseClass - Taking screenshot
10:35:18.164 [main] INFO  factory.BaseClass - ***************Validate CommonHealthConcern availability*************
10:35:18.414 [main] INFO  factory.BaseClass - Taking screenshot
10:35:18.414 [main] INFO  factory.BaseClass - ***************Get all Offer details*************
10:35:18.685 [main] INFO  factory.BaseClass - Taking screenshot
10:35:18.686 [main] INFO  factory.BaseClass - ***************Validate Consult Offers availability*************
10:35:18.968 [main] INFO  factory.BaseClass - Taking screenshot
10:36:19.601 [main] INFO  factory.BaseClass - Website is opened
10:36:19.613 [main] INFO  factory.BaseClass - ***************Navigate to Surgeries Page*************
10:37:31.270 [main] INFO  factory.BaseClass - Website is opened
10:37:31.307 [main] INFO  factory.BaseClass - ***************Locate the Practo Logo Element*************
10:37:31.582 [main] INFO  factory.BaseClass - Taking screenshot
10:37:31.585 [main] INFO  factory.BaseClass - ***************Validate the Practo Logo is present*************
10:37:31.585 [main] INFO  factory.BaseClass - ***************Locate the Practo Logo Element*************
10:37:32.981 [main] INFO  factory.BaseClass - Taking screenshot
10:37:32.982 [main] INFO  factory.BaseClass - ***************Locate the Login button Element*************
10:37:33.285 [main] INFO  factory.BaseClass - Taking screenshot
10:37:33.286 [main] INFO  factory.BaseClass - ***************Validate the Login button is present*************
10:37:33.287 [main] INFO  factory.BaseClass - ***************Locate the Login button Element*************
10:37:33.756 [main] INFO  factory.BaseClass - Taking screenshot
10:37:33.757 [main] INFO  factory.BaseClass - ***************Locate the Download Element*************
10:37:34.139 [main] INFO  factory.BaseClass - Taking screenshot
10:37:34.140 [main] INFO  factory.BaseClass - **************Validate the download is present**************
10:37:34.140 [main] INFO  factory.BaseClass - ***************Locate the Download Element*************
10:37:34.783 [main] INFO  factory.BaseClass - Taking screenshot
10:38:40.021 [main] INFO  factory.BaseClass - Website is opened
10:38:40.032 [main] INFO  factory.BaseClass - ***************Navigate to Find Doctors page*************
10:39:11.209 [main] INFO  factory.BaseClass - Taking screenshot
10:39:11.210 [main] INFO  factory.BaseClass - ***************Send the value to searchbox*************
10:39:46.320 [main] INFO  factory.BaseClass - Taking screenshot
10:39:46.320 [main] INFO  factory.BaseClass - ***************Validate the Doctors Name*************
10:39:49.115 [main] INFO  factory.BaseClass - Taking screenshot
10:39:49.117 [main] INFO  factory.BaseClass - ***************Valiadate the Book Free option*************
10:39:49.706 [main] INFO  factory.BaseClass - Taking screenshot
10:40:51.426 [main] INFO  factory.BaseClass - Website is opened
10:40:51.429 [main] INFO  factory.BaseClass - ***************Navigate to video Consult page*************
10:40:53.907 [main] INFO  factory.BaseClass - Taking screenshot
10:40:53.910 [main] INFO  factory.BaseClass - ***************Locate the video consult element*************
10:40:56.106 [main] INFO  factory.BaseClass - Taking screenshot
10:40:56.107 [main] INFO  factory.BaseClass - ***************Validate Consult Now button is present*************
10:40:56.108 [main] INFO  factory.BaseClass - ***************Locate the video consult element*************
10:40:56.946 [main] INFO  factory.BaseClass - Taking screenshot
10:40:56.950 [main] INFO  factory.BaseClass - ***************Get all specialities datas*************
10:41:00.411 [main] INFO  factory.BaseClass - Taking screenshot
10:41:00.412 [main] INFO  factory.BaseClass - ***************Validate specialities availability*************
10:41:01.025 [main] INFO  factory.BaseClass - Taking screenshot
10:41:01.026 [main] INFO  factory.BaseClass - ***************Get all Common Health Concern datas and price*************
10:41:01.912 [main] INFO  factory.BaseClass - Taking screenshot
10:41:01.914 [main] INFO  factory.BaseClass - ***************Validate CommonHealthConcern availability*************
10:41:02.495 [main] INFO  factory.BaseClass - Taking screenshot
10:41:02.496 [main] INFO  factory.BaseClass - ***************Get all Offer details*************
10:41:03.066 [main] INFO  factory.BaseClass - Taking screenshot
10:41:03.067 [main] INFO  factory.BaseClass - ***************Validate Consult Offers availability*************
10:41:03.661 [main] INFO  factory.BaseClass - Taking screenshot
10:42:19.686 [main] INFO  factory.BaseClass - Website is opened
10:42:19.707 [main] INFO  factory.BaseClass - ***************Navigate to Surgeries Page*************
10:42:20.933 [main] INFO  factory.BaseClass - Taking screenshot
10:42:20.934 [main] INFO  factory.BaseClass - ***************Get PractoCare Phone number*************
10:42:21.236 [main] INFO  factory.BaseClass - Taking screenshot
10:42:21.237 [main] INFO  factory.BaseClass - ***************Validate the Phone number*************
10:42:21.237 [main] INFO  factory.BaseClass - ***************Get PractoCare Phone number*************
10:42:21.626 [main] INFO  factory.BaseClass - Taking screenshot
10:42:21.627 [main] INFO  factory.BaseClass - ***************Get Popular Surgeries data*************
10:42:23.741 [main] INFO  factory.BaseClass - Taking screenshot
10:42:23.742 [main] INFO  factory.BaseClass - **************Validate the Popular Surgeries**************
10:42:23.976 [main] INFO  factory.BaseClass - Taking screenshot
10:42:23.977 [main] INFO  factory.BaseClass - **************Get Our Departments data**************
10:42:24.287 [main] INFO  factory.BaseClass - Taking screenshot
