09:37:43.478 [main] INFO  factory.BaseClass - **************Get the PractoCare Benifits Data**************
09:37:43.868 [main] INFO  factory.BaseClass - Taking screenshot
09:37:43.869 [main] INFO  factory.BaseClass - **************Validate PractoCare Data availability**************
09:37:44.101 [main] INFO  factory.BaseClass - Taking screenshot
09:37:51.730 [main] INFO  factory.BaseClass - Website is opened
09:37:51.753 [main] INFO  factory.BaseClass - **************Select Bangalore city and Search Hospitals**************
09:38:03.409 [main] INFO  factory.BaseClass - Taking screenshot
09:38:03.410 [main] INFO  factory.BaseClass - **************Validate Bangalore city hospitals are displayed**************
09:38:03.637 [main] INFO  factory.BaseClass - Taking screenshot
09:38:03.637 [main] INFO  factory.BaseClass - **************Locate all day opened hospitals element**************
09:38:09.392 [main] INFO  factory.BaseClass - Taking screenshot
09:38:09.392 [main] INFO  factory.BaseClass - **************Validate all day hospitals opened**************
09:38:09.613 [main] INFO  factory.BaseClass - Taking screenshot
09:38:09.614 [main] INFO  factory.BaseClass - **************Get the rating of more than three hospitals**************
09:38:12.705 [main] INFO  factory.BaseClass - Taking screenshot
09:38:12.705 [main] INFO  factory.BaseClass - **************Validate the hospitals more then three of rating**************
09:38:12.899 [main] INFO  factory.BaseClass - Taking screenshot
09:38:12.899 [main] INFO  factory.BaseClass - **************Get the top city hospitals**************
09:38:13.309 [main] INFO  factory.BaseClass - Taking screenshot
09:38:13.310 [main] INFO  factory.BaseClass - **************Validate top city hospitals**************
09:38:13.498 [main] INFO  factory.BaseClass - Taking screenshot
09:38:39.828 [main] INFO  factory.BaseClass - Website is opened
09:38:39.829 [main] INFO  factory.BaseClass - **************Click on Corporate Wellness Form**************
09:38:45.393 [main] INFO  factory.BaseClass - Taking screenshot
09:38:45.393 [main] INFO  factory.BaseClass - **************Enter the name**************
09:38:45.752 [main] INFO  factory.BaseClass - Taking screenshot
09:38:45.753 [main] INFO  factory.BaseClass - **************Enter the Organization name**************
09:38:46.109 [main] INFO  factory.BaseClass - Taking screenshot
09:38:46.109 [main] INFO  factory.BaseClass - **************selects the organization size**************
09:38:46.463 [main] INFO  factory.BaseClass - Taking screenshot
09:38:46.463 [main] INFO  factory.BaseClass - **************select the Interested in option**************
09:38:46.890 [main] INFO  factory.BaseClass - Taking screenshot
09:38:46.891 [main] INFO  factory.BaseClass - **************user enter the contact number**************
09:38:47.295 [main] INFO  factory.BaseClass - Taking screenshot
09:38:47.295 [main] INFO  factory.BaseClass - **************user enter the email id **************
09:38:47.686 [main] INFO  factory.BaseClass - Taking screenshot
09:38:47.687 [main] INFO  factory.BaseClass - **************Login button should be Disabeld**************
09:38:47.979 [main] INFO  factory.BaseClass - Taking screenshot
09:38:57.255 [main] INFO  factory.BaseClass - Website is opened
09:38:57.256 [main] INFO  factory.BaseClass - **************Click on Corporate Wellness Form**************
09:39:08.180 [main] INFO  factory.BaseClass - Taking screenshot
09:39:08.180 [main] INFO  factory.BaseClass - **************Enter the name**************
09:39:08.565 [main] INFO  factory.BaseClass - Taking screenshot
09:39:08.565 [main] INFO  factory.BaseClass - **************Enter the Organization name**************
09:39:08.915 [main] INFO  factory.BaseClass - Taking screenshot
09:39:08.915 [main] INFO  factory.BaseClass - **************selects the organization size**************
09:39:09.323 [main] INFO  factory.BaseClass - Taking screenshot
09:39:09.324 [main] INFO  factory.BaseClass - **************select the Interested in option**************
09:39:09.752 [main] INFO  factory.BaseClass - Taking screenshot
09:39:09.753 [main] INFO  factory.BaseClass - **************user enter the contact number**************
09:39:10.123 [main] INFO  factory.BaseClass - Taking screenshot
09:39:10.123 [main] INFO  factory.BaseClass - **************user enter the email id **************
09:39:10.511 [main] INFO  factory.BaseClass - Taking screenshot
09:39:10.512 [main] INFO  factory.BaseClass - **************Login button should be Disabeld**************
09:39:10.764 [main] INFO  factory.BaseClass - Taking screenshot
09:39:42.630 [main] INFO  factory.BaseClass - Website is opened
09:39:42.631 [main] INFO  factory.BaseClass - **************Click on Corporate Wellness Form**************
09:40:07.948 [main] INFO  factory.BaseClass - Taking screenshot
09:40:07.948 [main] INFO  factory.BaseClass - **************Enter the name**************
09:40:08.302 [main] INFO  factory.BaseClass - Taking screenshot
09:40:08.302 [main] INFO  factory.BaseClass - **************Enter the Organization name**************
09:40:08.640 [main] INFO  factory.BaseClass - Taking screenshot
09:40:08.641 [main] INFO  factory.BaseClass - **************selects the organization size**************
09:40:09.014 [main] INFO  factory.BaseClass - Taking screenshot
09:40:09.015 [main] INFO  factory.BaseClass - **************select the Interested in option**************
09:40:09.438 [main] INFO  factory.BaseClass - Taking screenshot
09:40:09.440 [main] INFO  factory.BaseClass - **************user enter the contact number**************
09:40:09.817 [main] INFO  factory.BaseClass - Taking screenshot
09:40:09.818 [main] INFO  factory.BaseClass - **************user enter the email id **************
09:40:10.186 [main] INFO  factory.BaseClass - Taking screenshot
09:40:10.187 [main] INFO  factory.BaseClass - **************Login button should be Disabeld**************
09:40:10.447 [main] INFO  factory.BaseClass - Taking screenshot
09:40:38.079 [main] INFO  factory.BaseClass - Website is opened
09:40:38.079 [main] INFO  factory.BaseClass - **************Click on Corporate Wellness Form**************
09:40:44.360 [main] INFO  factory.BaseClass - Taking screenshot
09:40:44.360 [main] INFO  factory.BaseClass - **************Enter the name**************
09:40:44.711 [main] INFO  factory.BaseClass - Taking screenshot
09:40:44.711 [main] INFO  factory.BaseClass - **************Enter the Organization name**************
09:40:45.025 [main] INFO  factory.BaseClass - Taking screenshot
09:40:45.025 [main] INFO  factory.BaseClass - **************selects the organization size**************
09:40:45.380 [main] INFO  factory.BaseClass - Taking screenshot
09:40:45.380 [main] INFO  factory.BaseClass - **************select the Interested in option**************
09:40:45.767 [main] INFO  factory.BaseClass - Taking screenshot
09:40:45.768 [main] INFO  factory.BaseClass - **************user enter the contact number**************
09:40:46.132 [main] INFO  factory.BaseClass - Taking screenshot
09:40:46.132 [main] INFO  factory.BaseClass - **************user enter the email id **************
09:40:46.554 [main] INFO  factory.BaseClass - Taking screenshot
09:40:46.555 [main] INFO  factory.BaseClass - **************Login button should be enabeld**************
09:41:36.903 [main] INFO  factory.BaseClass - Taking screenshot
12:26:15.999 [main] INFO  factory.BaseClass - Website is opened
12:26:16.024 [main] INFO  factory.BaseClass - ***************Locate the Practo Logo Element*************
12:26:16.252 [main] INFO  factory.BaseClass - Taking screenshot
12:26:16.254 [main] INFO  factory.BaseClass - ***************Validate the Practo Logo is present*************
12:26:16.254 [main] INFO  factory.BaseClass - ***************Locate the Practo Logo Element*************
12:26:17.257 [main] INFO  factory.BaseClass - Taking screenshot
12:26:17.258 [main] INFO  factory.BaseClass - ***************Locate the Login button Element*************
12:26:17.442 [main] INFO  factory.BaseClass - Taking screenshot
12:26:17.443 [main] INFO  factory.BaseClass - ***************Validate the Login button is present*************
12:26:17.443 [main] INFO  factory.BaseClass - ***************Locate the Login button Element*************
12:26:17.711 [main] INFO  factory.BaseClass - Taking screenshot
12:26:17.712 [main] INFO  factory.BaseClass - ***************Locate the Download Element*************
12:26:17.917 [main] INFO  factory.BaseClass - Taking screenshot
12:26:17.917 [main] INFO  factory.BaseClass - **************Validate the download is present**************
12:26:17.917 [main] INFO  factory.BaseClass - ***************Locate the Download Element*************
12:26:18.178 [main] INFO  factory.BaseClass - Taking screenshot
12:26:25.567 [main] INFO  factory.BaseClass - Website is opened
12:26:25.587 [main] INFO  factory.BaseClass - ***************Navigate to Find Doctors page*************
12:26:27.622 [main] INFO  factory.BaseClass - Taking screenshot
12:26:27.623 [main] INFO  factory.BaseClass - ***************Send the value to searchbox*************
12:26:32.893 [main] INFO  factory.BaseClass - Taking screenshot
12:26:32.894 [main] INFO  factory.BaseClass - ***************Validate the Doctors Name*************
12:26:38.991 [main] INFO  factory.BaseClass - Taking screenshot
12:26:38.992 [main] INFO  factory.BaseClass - ***************Valiadate the Book Free option*************
12:26:39.707 [main] INFO  factory.BaseClass - Taking screenshot
12:26:48.016 [main] INFO  factory.BaseClass - Website is opened
12:26:48.035 [main] INFO  factory.BaseClass - ***************Navigate to video Consult page*************
12:26:49.813 [main] INFO  factory.BaseClass - Taking screenshot
12:26:49.813 [main] INFO  factory.BaseClass - ***************Locate the video consult element*************
12:26:50.196 [main] INFO  factory.BaseClass - Taking screenshot
12:26:50.196 [main] INFO  factory.BaseClass - ***************Validate Consult Now button is present*************
12:26:50.196 [main] INFO  factory.BaseClass - ***************Locate the video consult element*************
12:26:50.604 [main] INFO  factory.BaseClass - Taking screenshot
12:26:50.604 [main] INFO  factory.BaseClass - ***************Get all specialities datas*************
12:26:51.764 [main] INFO  factory.BaseClass - Taking screenshot
12:26:51.765 [main] INFO  factory.BaseClass - ***************Validate specialities availability*************
12:26:52.119 [main] INFO  factory.BaseClass - Taking screenshot
12:26:52.120 [main] INFO  factory.BaseClass - ***************Get all Common Health Concern datas and price*************
12:26:52.631 [main] INFO  factory.BaseClass - Taking screenshot
12:26:52.634 [main] INFO  factory.BaseClass - ***************Validate CommonHealthConcern availability*************
12:26:53.043 [main] INFO  factory.BaseClass - Taking screenshot
12:26:53.044 [main] INFO  factory.BaseClass - ***************Get all Offer details*************
12:26:53.456 [main] INFO  factory.BaseClass - Taking screenshot
12:26:53.457 [main] INFO  factory.BaseClass - ***************Validate Consult Offers availability*************
12:26:53.890 [main] INFO  factory.BaseClass - Taking screenshot
12:27:01.691 [main] INFO  factory.BaseClass - Website is opened
12:27:01.723 [main] INFO  factory.BaseClass - ***************Navigate to Surgeries Page*************
12:27:03.305 [main] INFO  factory.BaseClass - Taking screenshot
12:27:03.306 [main] INFO  factory.BaseClass - ***************Get PractoCare Phone number*************
12:27:03.811 [main] INFO  factory.BaseClass - Taking screenshot
12:27:03.812 [main] INFO  factory.BaseClass - ***************Validate the Phone number*************
12:27:03.812 [main] INFO  factory.BaseClass - ***************Get PractoCare Phone number*************
12:27:04.297 [main] INFO  factory.BaseClass - Taking screenshot
12:27:04.298 [main] INFO  factory.BaseClass - ***************Get Popular Surgeries data*************
12:27:07.086 [main] INFO  factory.BaseClass - Taking screenshot
12:27:07.087 [main] INFO  factory.BaseClass - **************Validate the Popular Surgeries**************
12:27:07.334 [main] INFO  factory.BaseClass - Taking screenshot
12:27:07.335 [main] INFO  factory.BaseClass - **************Get Our Departments data**************
12:27:07.753 [main] INFO  factory.BaseClass - Taking screenshot
12:27:07.754 [main] INFO  factory.BaseClass - **************Valiadate the Our Departments**************
12:27:08.019 [main] INFO  factory.BaseClass - Taking screenshot
12:27:08.020 [main] INFO  factory.BaseClass - **************Get the PractoCare Benifits Data**************
12:27:08.357 [main] INFO  factory.BaseClass - Taking screenshot
12:27:08.357 [main] INFO  factory.BaseClass - **************Validate PractoCare Data availability**************
12:27:08.598 [main] INFO  factory.BaseClass - Taking screenshot
12:27:16.131 [main] INFO  factory.BaseClass - Website is opened
12:27:16.157 [main] INFO  factory.BaseClass - **************Select Bangalore city and Search Hospitals**************
12:27:27.634 [main] INFO  factory.BaseClass - Taking screenshot
12:27:27.635 [main] INFO  factory.BaseClass - **************Validate Bangalore city hospitals are displayed**************
12:27:27.811 [main] INFO  factory.BaseClass - Taking screenshot
12:27:27.811 [main] INFO  factory.BaseClass - **************Locate all day opened hospitals element**************
12:27:33.457 [main] INFO  factory.BaseClass - Taking screenshot
12:27:33.458 [main] INFO  factory.BaseClass - **************Validate all day hospitals opened**************
12:27:33.677 [main] INFO  factory.BaseClass - Taking screenshot
12:27:33.678 [main] INFO  factory.BaseClass - **************Get the rating of more than three hospitals**************
12:27:36.791 [main] INFO  factory.BaseClass - Taking screenshot
12:27:36.791 [main] INFO  factory.BaseClass - **************Validate the hospitals more then three of rating**************
12:27:36.974 [main] INFO  factory.BaseClass - Taking screenshot
12:27:36.974 [main] INFO  factory.BaseClass - **************Get the top city hospitals**************
12:27:37.335 [main] INFO  factory.BaseClass - Taking screenshot
12:27:37.336 [main] INFO  factory.BaseClass - **************Validate top city hospitals**************
12:27:37.518 [main] INFO  factory.BaseClass - Taking screenshot
12:27:46.008 [main] INFO  factory.BaseClass - Website is opened
12:27:46.009 [main] INFO  factory.BaseClass - **************Click on Corporate Wellness Form**************
12:28:01.209 [main] INFO  factory.BaseClass - Taking screenshot
12:28:01.209 [main] INFO  factory.BaseClass - **************Enter the name**************
12:28:01.500 [main] INFO  factory.BaseClass - Taking screenshot
12:28:01.501 [main] INFO  factory.BaseClass - **************Enter the Organization name**************
12:28:01.764 [main] INFO  factory.BaseClass - Taking screenshot
12:28:01.765 [main] INFO  factory.BaseClass - **************selects the organization size**************
12:28:02.054 [main] INFO  factory.BaseClass - Taking screenshot
12:28:02.055 [main] INFO  factory.BaseClass - **************select the Interested in option**************
12:28:02.401 [main] INFO  factory.BaseClass - Taking screenshot
12:28:02.402 [main] INFO  factory.BaseClass - **************user enter the contact number**************
12:28:02.674 [main] INFO  factory.BaseClass - Taking screenshot
12:28:02.676 [main] INFO  factory.BaseClass - **************user enter the email id **************
12:28:03.012 [main] INFO  factory.BaseClass - Taking screenshot
12:28:03.013 [main] INFO  factory.BaseClass - **************Login button should be Disabeld**************
12:28:03.261 [main] INFO  factory.BaseClass - Taking screenshot
12:28:20.162 [main] INFO  factory.BaseClass - Website is opened
12:28:20.163 [main] INFO  factory.BaseClass - **************Click on Corporate Wellness Form**************
12:28:41.174 [main] INFO  factory.BaseClass - Taking screenshot
12:28:41.174 [main] INFO  factory.BaseClass - **************Enter the name**************
12:28:41.500 [main] INFO  factory.BaseClass - Taking screenshot
12:28:41.501 [main] INFO  factory.BaseClass - **************Enter the Organization name**************
12:28:41.791 [main] INFO  factory.BaseClass - Taking screenshot
12:28:41.791 [main] INFO  factory.BaseClass - **************selects the organization size**************
12:28:42.126 [main] INFO  factory.BaseClass - Taking screenshot
12:28:42.126 [main] INFO  factory.BaseClass - **************select the Interested in option**************
12:28:42.450 [main] INFO  factory.BaseClass - Taking screenshot
12:28:42.451 [main] INFO  factory.BaseClass - **************user enter the contact number**************
12:28:42.798 [main] INFO  factory.BaseClass - Taking screenshot
12:28:42.799 [main] INFO  factory.BaseClass - **************user enter the email id **************
12:28:43.256 [main] INFO  factory.BaseClass - Taking screenshot
12:28:43.257 [main] INFO  factory.BaseClass - **************Login button should be Disabeld**************
12:28:43.589 [main] INFO  factory.BaseClass - Taking screenshot
12:29:07.995 [main] INFO  factory.BaseClass - Website is opened
12:29:07.996 [main] INFO  factory.BaseClass - **************Click on Corporate Wellness Form**************
12:29:26.016 [main] INFO  factory.BaseClass - Taking screenshot
12:29:26.016 [main] INFO  factory.BaseClass - **************Enter the name**************
12:29:26.298 [main] INFO  factory.BaseClass - Taking screenshot
12:29:26.299 [main] INFO  factory.BaseClass - **************Enter the Organization name**************
12:29:26.534 [main] INFO  factory.BaseClass - Taking screenshot
12:29:26.534 [main] INFO  factory.BaseClass - **************selects the organization size**************
12:29:26.788 [main] INFO  factory.BaseClass - Taking screenshot
12:29:26.789 [main] INFO  factory.BaseClass - **************select the Interested in option**************
12:29:27.094 [main] INFO  factory.BaseClass - Taking screenshot
12:29:27.095 [main] INFO  factory.BaseClass - **************user enter the contact number**************
12:29:27.370 [main] INFO  factory.BaseClass - Taking screenshot
12:29:27.370 [main] INFO  factory.BaseClass - **************user enter the email id **************
12:29:27.636 [main] INFO  factory.BaseClass - Taking screenshot
12:29:27.636 [main] INFO  factory.BaseClass - **************Login button should be Disabeld**************
12:29:27.857 [main] INFO  factory.BaseClass - Taking screenshot
12:29:35.789 [main] INFO  factory.BaseClass - Website is opened
12:29:35.790 [main] INFO  factory.BaseClass - **************Click on Corporate Wellness Form**************
12:29:41.691 [main] INFO  factory.BaseClass - Taking screenshot
12:29:41.691 [main] INFO  factory.BaseClass - **************Enter the name**************
12:29:41.960 [main] INFO  factory.BaseClass - Taking screenshot
12:29:41.961 [main] INFO  factory.BaseClass - **************Enter the Organization name**************
12:29:42.201 [main] INFO  factory.BaseClass - Taking screenshot
12:29:42.202 [main] INFO  factory.BaseClass - **************selects the organization size**************
12:29:42.451 [main] INFO  factory.BaseClass - Taking screenshot
12:29:42.452 [main] INFO  factory.BaseClass - **************select the Interested in option**************
12:29:42.743 [main] INFO  factory.BaseClass - Taking screenshot
12:29:42.744 [main] INFO  factory.BaseClass - **************user enter the contact number**************
12:29:43.017 [main] INFO  factory.BaseClass - Taking screenshot
12:29:43.017 [main] INFO  factory.BaseClass - **************user enter the email id **************
12:29:43.312 [main] INFO  factory.BaseClass - Taking screenshot
12:29:43.313 [main] INFO  factory.BaseClass - **************Login button should be enabeld**************
12:31:04.267 [main] INFO  factory.BaseClass - Taking screenshot
12:32:20.566 [main] INFO  factory.BaseClass - Website is opened
12:32:20.617 [main] INFO  factory.BaseClass - ***************Locate the Practo Logo Element*************
12:32:20.855 [main] INFO  factory.BaseClass - Taking screenshot
12:32:20.856 [main] INFO  factory.BaseClass - ***************Validate the Practo Logo is present*************
12:32:20.856 [main] INFO  factory.BaseClass - ***************Locate the Practo Logo Element*************
12:32:22.191 [main] INFO  factory.BaseClass - Taking screenshot
12:32:22.192 [main] INFO  factory.BaseClass - ***************Locate the Login button Element*************
12:32:22.458 [main] INFO  factory.BaseClass - Taking screenshot
12:32:22.461 [main] INFO  factory.BaseClass - ***************Validate the Login button is present*************
12:32:22.462 [main] INFO  factory.BaseClass - ***************Locate the Login button Element*************
12:32:22.891 [main] INFO  factory.BaseClass - Taking screenshot
12:32:22.892 [main] INFO  factory.BaseClass - ***************Locate the Download Element*************
12:32:23.144 [main] INFO  factory.BaseClass - Taking screenshot
12:32:23.145 [main] INFO  factory.BaseClass - **************Validate the download is present**************
12:32:23.146 [main] INFO  factory.BaseClass - ***************Locate the Download Element*************
12:32:23.528 [main] INFO  factory.BaseClass - Taking screenshot
12:32:31.208 [main] INFO  factory.BaseClass - Website is opened
12:32:31.234 [main] INFO  factory.BaseClass - ***************Navigate to Find Doctors page*************
12:32:32.976 [main] INFO  factory.BaseClass - Taking screenshot
12:32:32.977 [main] INFO  factory.BaseClass - ***************Send the value to searchbox*************
12:32:37.969 [main] INFO  factory.BaseClass - Taking screenshot
12:32:37.970 [main] INFO  factory.BaseClass - ***************Validate the Doctors Name*************
12:32:41.330 [main] INFO  factory.BaseClass - Taking screenshot
12:32:41.332 [main] INFO  factory.BaseClass - ***************Valiadate the Book Free option*************
12:32:41.869 [main] INFO  factory.BaseClass - Taking screenshot
12:32:50.143 [main] INFO  factory.BaseClass - Website is opened
12:32:50.163 [main] INFO  factory.BaseClass - ***************Navigate to video Consult page*************
12:32:51.964 [main] INFO  factory.BaseClass - Taking screenshot
12:32:51.965 [main] INFO  factory.BaseClass - ***************Locate the video consult element*************
12:32:52.221 [main] INFO  factory.BaseClass - Taking screenshot
12:32:52.222 [main] INFO  factory.BaseClass - ***************Validate Consult Now button is present*************
12:32:52.222 [main] INFO  factory.BaseClass - ***************Locate the video consult element*************
12:32:52.570 [main] INFO  factory.BaseClass - Taking screenshot
12:32:52.571 [main] INFO  factory.BaseClass - ***************Get all specialities datas*************
12:32:53.668 [main] INFO  factory.BaseClass - Taking screenshot
12:32:53.669 [main] INFO  factory.BaseClass - ***************Validate specialities availability*************
12:32:53.949 [main] INFO  factory.BaseClass - Taking screenshot
12:32:53.949 [main] INFO  factory.BaseClass - ***************Get all Common Health Concern datas and price*************
12:32:54.407 [main] INFO  factory.BaseClass - Taking screenshot
12:32:54.408 [main] INFO  factory.BaseClass - ***************Validate CommonHealthConcern availability*************
12:32:54.728 [main] INFO  factory.BaseClass - Taking screenshot
12:32:54.729 [main] INFO  factory.BaseClass - ***************Get all Offer details*************
12:32:55.023 [main] INFO  factory.BaseClass - Taking screenshot
12:32:55.023 [main] INFO  factory.BaseClass - ***************Validate Consult Offers availability*************
12:32:55.346 [main] INFO  factory.BaseClass - Taking screenshot
12:33:02.923 [main] INFO  factory.BaseClass - Website is opened
12:33:02.943 [main] INFO  factory.BaseClass - ***************Navigate to Surgeries Page*************
12:33:05.433 [main] INFO  factory.BaseClass - Taking screenshot
12:33:05.434 [main] INFO  factory.BaseClass - ***************Get PractoCare Phone number*************
12:33:05.923 [main] INFO  factory.BaseClass - Taking screenshot
12:33:05.924 [main] INFO  factory.BaseClass - ***************Validate the Phone number*************
12:33:05.925 [main] INFO  factory.BaseClass - ***************Get PractoCare Phone number*************
12:33:06.390 [main] INFO  factory.BaseClass - Taking screenshot
12:33:06.390 [main] INFO  factory.BaseClass - ***************Get Popular Surgeries data*************
12:33:09.941 [main] INFO  factory.BaseClass - Taking screenshot
12:33:09.942 [main] INFO  factory.BaseClass - **************Validate the Popular Surgeries**************
12:33:10.284 [main] INFO  factory.BaseClass - Taking screenshot
12:33:10.286 [main] INFO  factory.BaseClass - **************Get Our Departments data**************
12:33:10.814 [main] INFO  factory.BaseClass - Taking screenshot
12:33:10.815 [main] INFO  factory.BaseClass - **************Valiadate the Our Departments**************
12:33:11.099 [main] INFO  factory.BaseClass - Taking screenshot
12:33:11.100 [main] INFO  factory.BaseClass - **************Get the PractoCare Benifits Data**************
12:33:11.441 [main] INFO  factory.BaseClass - Taking screenshot
12:33:11.442 [main] INFO  factory.BaseClass - **************Validate PractoCare Data availability**************
12:33:11.748 [main] INFO  factory.BaseClass - Taking screenshot
12:33:19.635 [main] INFO  factory.BaseClass - Website is opened
12:33:19.659 [main] INFO  factory.BaseClass - **************Select Bangalore city and Search Hospitals**************
12:33:30.544 [main] INFO  factory.BaseClass - Taking screenshot
12:33:30.545 [main] INFO  factory.BaseClass - **************Validate Bangalore city hospitals are displayed**************
12:33:30.746 [main] INFO  factory.BaseClass - Taking screenshot
12:33:30.747 [main] INFO  factory.BaseClass - **************Locate all day opened hospitals element**************
12:33:36.186 [main] INFO  factory.BaseClass - Taking screenshot
12:33:36.187 [main] INFO  factory.BaseClass - **************Validate all day hospitals opened**************
12:33:36.392 [main] INFO  factory.BaseClass - Taking screenshot
12:33:36.393 [main] INFO  factory.BaseClass - **************Get the rating of more than three hospitals**************
12:33:39.911 [main] INFO  factory.BaseClass - Taking screenshot
12:33:39.912 [main] INFO  factory.BaseClass - **************Validate the hospitals more then three of rating**************
12:33:40.133 [main] INFO  factory.BaseClass - Taking screenshot
12:33:40.135 [main] INFO  factory.BaseClass - **************Get the top city hospitals**************
12:33:40.522 [main] INFO  factory.BaseClass - Taking screenshot
12:33:40.522 [main] INFO  factory.BaseClass - **************Validate top city hospitals**************
12:33:40.704 [main] INFO  factory.BaseClass - Taking screenshot
12:33:48.946 [main] INFO  factory.BaseClass - Website is opened
12:33:48.947 [main] INFO  factory.BaseClass - **************Click on Corporate Wellness Form**************
12:34:04.672 [main] INFO  factory.BaseClass - Taking screenshot
12:34:04.672 [main] INFO  factory.BaseClass - **************Enter the name**************
12:34:04.959 [main] INFO  factory.BaseClass - Taking screenshot
12:34:04.960 [main] INFO  factory.BaseClass - **************Enter the Organization name**************
12:34:05.210 [main] INFO  factory.BaseClass - Taking screenshot
12:34:05.211 [main] INFO  factory.BaseClass - **************selects the organization size**************
12:34:05.480 [main] INFO  factory.BaseClass - Taking screenshot
12:34:05.480 [main] INFO  factory.BaseClass - **************select the Interested in option**************
12:34:05.811 [main] INFO  factory.BaseClass - Taking screenshot
12:34:05.812 [main] INFO  factory.BaseClass - **************user enter the contact number**************
12:34:06.103 [main] INFO  factory.BaseClass - Taking screenshot
12:34:06.103 [main] INFO  factory.BaseClass - **************user enter the email id **************
12:34:06.393 [main] INFO  factory.BaseClass - Taking screenshot
12:34:06.394 [main] INFO  factory.BaseClass - **************Login button should be Disabeld**************
12:34:06.609 [main] INFO  factory.BaseClass - Taking screenshot
12:34:56.297 [main] INFO  factory.BaseClass - Website is opened
12:34:56.297 [main] INFO  factory.BaseClass - **************Click on Corporate Wellness Form**************
12:35:02.845 [main] INFO  factory.BaseClass - Taking screenshot
12:35:02.846 [main] INFO  factory.BaseClass - **************Enter the name**************
12:35:03.146 [main] INFO  factory.BaseClass - Taking screenshot
12:35:03.146 [main] INFO  factory.BaseClass - **************Enter the Organization name**************
12:35:03.409 [main] INFO  factory.BaseClass - Taking screenshot
12:35:03.409 [main] INFO  factory.BaseClass - **************selects the organization size**************
12:35:03.675 [main] INFO  factory.BaseClass - Taking screenshot
12:35:03.675 [main] INFO  factory.BaseClass - **************select the Interested in option**************
12:35:03.957 [main] INFO  factory.BaseClass - Taking screenshot
12:35:03.957 [main] INFO  factory.BaseClass - **************user enter the contact number**************
12:35:04.267 [main] INFO  factory.BaseClass - Taking screenshot
12:35:04.267 [main] INFO  factory.BaseClass - **************user enter the email id **************
12:35:04.598 [main] INFO  factory.BaseClass - Taking screenshot
12:35:04.598 [main] INFO  factory.BaseClass - **************Login button should be Disabeld**************
12:35:04.806 [main] INFO  factory.BaseClass - Taking screenshot
12:35:35.856 [main] INFO  factory.BaseClass - Website is opened
12:35:35.857 [main] INFO  factory.BaseClass - **************Click on Corporate Wellness Form**************
12:35:42.039 [main] INFO  factory.BaseClass - Taking screenshot
12:35:42.039 [main] INFO  factory.BaseClass - **************Enter the name**************
12:35:42.331 [main] INFO  factory.BaseClass - Taking screenshot
12:35:42.331 [main] INFO  factory.BaseClass - **************Enter the Organization name**************
12:35:42.609 [main] INFO  factory.BaseClass - Taking screenshot
12:35:42.609 [main] INFO  factory.BaseClass - **************selects the organization size**************
12:35:42.927 [main] INFO  factory.BaseClass - Taking screenshot
12:35:42.928 [main] INFO  factory.BaseClass - **************select the Interested in option**************
12:35:43.222 [main] INFO  factory.BaseClass - Taking screenshot
12:35:43.222 [main] INFO  factory.BaseClass - **************user enter the contact number**************
12:35:43.521 [main] INFO  factory.BaseClass - Taking screenshot
12:35:43.521 [main] INFO  factory.BaseClass - **************user enter the email id **************
12:35:43.812 [main] INFO  factory.BaseClass - Taking screenshot
12:35:43.813 [main] INFO  factory.BaseClass - **************Login button should be Disabeld**************
12:35:44.042 [main] INFO  factory.BaseClass - Taking screenshot
12:35:52.026 [main] INFO  factory.BaseClass - Website is opened
12:35:52.026 [main] INFO  factory.BaseClass - **************Click on Corporate Wellness Form**************
12:35:58.019 [main] INFO  factory.BaseClass - Taking screenshot
12:35:58.019 [main] INFO  factory.BaseClass - **************Enter the name**************
12:35:58.326 [main] INFO  factory.BaseClass - Taking screenshot
12:35:58.327 [main] INFO  factory.BaseClass - **************Enter the Organization name**************
12:35:58.571 [main] INFO  factory.BaseClass - Taking screenshot
12:35:58.572 [main] INFO  factory.BaseClass - **************selects the organization size**************
12:35:58.856 [main] INFO  factory.BaseClass - Taking screenshot
12:35:58.857 [main] INFO  factory.BaseClass - **************select the Interested in option**************
12:35:59.212 [main] INFO  factory.BaseClass - Taking screenshot
12:35:59.212 [main] INFO  factory.BaseClass - **************user enter the contact number**************
12:35:59.537 [main] INFO  factory.BaseClass - Taking screenshot
12:35:59.537 [main] INFO  factory.BaseClass - **************user enter the email id **************
12:35:59.988 [main] INFO  factory.BaseClass - Taking screenshot
12:35:59.989 [main] INFO  factory.BaseClass - **************Login button should be enabeld**************
12:36:50.997 [main] INFO  factory.BaseClass - Taking screenshot
13:29:42.378 [main] INFO  factory.BaseClass - Website is opened
13:29:42.455 [main] INFO  factory.BaseClass - ***************Locate the Practo Logo Element*************
13:29:42.814 [main] INFO  factory.BaseClass - Taking screenshot
13:29:42.817 [main] INFO  factory.BaseClass - ***************Validate the Practo Logo is present*************
13:29:42.817 [main] INFO  factory.BaseClass - ***************Locate the Practo Logo Element*************
13:29:44.194 [main] INFO  factory.BaseClass - Taking screenshot
13:29:44.196 [main] INFO  factory.BaseClass - ***************Locate the Login button Element*************
13:29:44.462 [main] INFO  factory.BaseClass - Taking screenshot
13:29:44.464 [main] INFO  factory.BaseClass - ***************Validate the Login button is present*************
13:29:44.464 [main] INFO  factory.BaseClass - ***************Locate the Login button Element*************
13:29:44.917 [main] INFO  factory.BaseClass - Taking screenshot
13:29:44.918 [main] INFO  factory.BaseClass - ***************Locate the Download Element*************
13:29:45.225 [main] INFO  factory.BaseClass - Taking screenshot
13:29:45.227 [main] INFO  factory.BaseClass - **************Validate the download is present**************
13:29:45.227 [main] INFO  factory.BaseClass - ***************Locate the Download Element*************
13:29:45.719 [main] INFO  factory.BaseClass - Taking screenshot
13:29:53.827 [main] INFO  factory.BaseClass - Website is opened
13:29:53.867 [main] INFO  factory.BaseClass - ***************Navigate to Find Doctors page*************
13:29:55.670 [main] INFO  factory.BaseClass - Taking screenshot
13:29:55.672 [main] INFO  factory.BaseClass - ***************Send the value to searchbox*************
13:30:01.744 [main] INFO  factory.BaseClass - Taking screenshot
13:30:01.745 [main] INFO  factory.BaseClass - ***************Validate the Doctors Name*************
13:30:04.731 [main] INFO  factory.BaseClass - Taking screenshot
13:30:04.732 [main] INFO  factory.BaseClass - ***************Valiadate the Book Free option*************
13:30:05.388 [main] INFO  factory.BaseClass - Taking screenshot
13:30:13.082 [main] INFO  factory.BaseClass - Website is opened
13:30:13.109 [main] INFO  factory.BaseClass - ***************Navigate to video Consult page*************
13:30:14.823 [main] INFO  factory.BaseClass - Taking screenshot
13:30:14.824 [main] INFO  factory.BaseClass - ***************Locate the video consult element*************
13:30:15.231 [main] INFO  factory.BaseClass - Taking screenshot
13:30:15.232 [main] INFO  factory.BaseClass - ***************Validate Consult Now button is present*************
13:30:15.232 [main] INFO  factory.BaseClass - ***************Locate the video consult element*************
13:30:15.669 [main] INFO  factory.BaseClass - Taking screenshot
13:30:15.670 [main] INFO  factory.BaseClass - ***************Get all specialities datas*************
13:30:17.174 [main] INFO  factory.BaseClass - Taking screenshot
13:30:17.175 [main] INFO  factory.BaseClass - ***************Validate specialities availability*************
13:30:17.501 [main] INFO  factory.BaseClass - Taking screenshot
13:30:17.503 [main] INFO  factory.BaseClass - ***************Get all Common Health Concern datas and price*************
13:30:17.935 [main] INFO  factory.BaseClass - Taking screenshot
13:30:17.935 [main] INFO  factory.BaseClass - ***************Validate CommonHealthConcern availability*************
13:30:18.256 [main] INFO  factory.BaseClass - Taking screenshot
13:30:18.257 [main] INFO  factory.BaseClass - ***************Get all Offer details*************
13:30:18.617 [main] INFO  factory.BaseClass - Taking screenshot
13:30:18.618 [main] INFO  factory.BaseClass - ***************Validate Consult Offers availability*************
13:30:18.908 [main] INFO  factory.BaseClass - Taking screenshot
13:30:26.413 [main] INFO  factory.BaseClass - Website is opened
13:30:26.438 [main] INFO  factory.BaseClass - ***************Navigate to Surgeries Page*************
13:30:27.744 [main] INFO  factory.BaseClass - Taking screenshot
13:30:27.746 [main] INFO  factory.BaseClass - ***************Get PractoCare Phone number*************
13:30:28.333 [main] INFO  factory.BaseClass - Taking screenshot
13:30:28.334 [main] INFO  factory.BaseClass - ***************Validate the Phone number*************
13:30:28.334 [main] INFO  factory.BaseClass - ***************Get PractoCare Phone number*************
13:30:28.888 [main] INFO  factory.BaseClass - Taking screenshot
13:30:28.889 [main] INFO  factory.BaseClass - ***************Get Popular Surgeries data*************
13:30:32.185 [main] INFO  factory.BaseClass - Taking screenshot
13:30:32.187 [main] INFO  factory.BaseClass - **************Validate the Popular Surgeries**************
13:30:32.471 [main] INFO  factory.BaseClass - Taking screenshot
13:30:32.472 [main] INFO  factory.BaseClass - **************Get Our Departments data**************
13:30:32.860 [main] INFO  factory.BaseClass - Taking screenshot
13:30:32.861 [main] INFO  factory.BaseClass - **************Valiadate the Our Departments**************
13:30:33.147 [main] INFO  factory.BaseClass - Taking screenshot
13:30:33.148 [main] INFO  factory.BaseClass - **************Get the PractoCare Benifits Data**************
13:30:33.611 [main] INFO  factory.BaseClass - Taking screenshot
13:30:33.612 [main] INFO  factory.BaseClass - **************Validate PractoCare Data availability**************
13:30:34.002 [main] INFO  factory.BaseClass - Taking screenshot
13:30:41.619 [main] INFO  factory.BaseClass - Website is opened
13:30:41.651 [main] INFO  factory.BaseClass - **************Select Bangalore city and Search Hospitals**************
13:30:52.747 [main] INFO  factory.BaseClass - Taking screenshot
13:30:52.748 [main] INFO  factory.BaseClass - **************Validate Bangalore city hospitals are displayed**************
13:30:53.024 [main] INFO  factory.BaseClass - Taking screenshot
13:30:53.024 [main] INFO  factory.BaseClass - **************Locate all day opened hospitals element**************
13:30:58.896 [main] INFO  factory.BaseClass - Taking screenshot
13:30:58.896 [main] INFO  factory.BaseClass - **************Validate all day hospitals opened**************
13:30:59.110 [main] INFO  factory.BaseClass - Taking screenshot
13:30:59.111 [main] INFO  factory.BaseClass - **************Get the rating of more than three hospitals**************
13:31:02.535 [main] INFO  factory.BaseClass - Taking screenshot
13:31:02.536 [main] INFO  factory.BaseClass - **************Validate the hospitals more then three of rating**************
13:31:02.734 [main] INFO  factory.BaseClass - Taking screenshot
13:31:02.735 [main] INFO  factory.BaseClass - **************Get the top city hospitals**************
13:31:03.290 [main] INFO  factory.BaseClass - Taking screenshot
13:31:03.291 [main] INFO  factory.BaseClass - **************Validate top city hospitals**************
13:31:03.523 [main] INFO  factory.BaseClass - Taking screenshot
13:31:10.788 [main] INFO  factory.BaseClass - Website is opened
13:31:10.790 [main] INFO  factory.BaseClass - **************Click on Corporate Wellness Form**************
13:31:15.830 [main] INFO  factory.BaseClass - Taking screenshot
13:31:15.831 [main] INFO  factory.BaseClass - **************Enter the name**************
13:31:16.360 [main] INFO  factory.BaseClass - Taking screenshot
13:31:16.361 [main] INFO  factory.BaseClass - **************Enter the Organization name**************
13:31:16.789 [main] INFO  factory.BaseClass - Taking screenshot
13:31:16.790 [main] INFO  factory.BaseClass - **************selects the organization size**************
13:31:17.297 [main] INFO  factory.BaseClass - Taking screenshot
13:31:17.299 [main] INFO  factory.BaseClass - **************select the Interested in option**************
13:31:17.819 [main] INFO  factory.BaseClass - Taking screenshot
13:31:17.820 [main] INFO  factory.BaseClass - **************user enter the contact number**************
13:31:18.344 [main] INFO  factory.BaseClass - Taking screenshot
13:31:18.345 [main] INFO  factory.BaseClass - **************user enter the email id **************
13:31:18.891 [main] INFO  factory.BaseClass - Taking screenshot
13:31:18.892 [main] INFO  factory.BaseClass - **************Login button should be Disabeld**************
13:31:19.281 [main] INFO  factory.BaseClass - Taking screenshot
13:31:27.599 [main] INFO  factory.BaseClass - Website is opened
13:31:27.601 [main] INFO  factory.BaseClass - **************Click on Corporate Wellness Form**************
13:31:30.390 [main] INFO  factory.BaseClass - Taking screenshot
13:31:30.390 [main] INFO  factory.BaseClass - **************Enter the name**************
13:31:30.717 [main] INFO  factory.BaseClass - Taking screenshot
13:31:30.717 [main] INFO  factory.BaseClass - **************Enter the Organization name**************
13:31:31.185 [main] INFO  factory.BaseClass - Taking screenshot
13:31:31.186 [main] INFO  factory.BaseClass - **************selects the organization size**************
13:31:31.782 [main] INFO  factory.BaseClass - Taking screenshot
13:31:31.782 [main] INFO  factory.BaseClass - **************select the Interested in option**************
13:31:32.350 [main] INFO  factory.BaseClass - Taking screenshot
13:31:32.351 [main] INFO  factory.BaseClass - **************user enter the contact number**************
13:31:32.872 [main] INFO  factory.BaseClass - Taking screenshot
13:31:32.872 [main] INFO  factory.BaseClass - **************user enter the email id **************
13:31:33.408 [main] INFO  factory.BaseClass - Taking screenshot
13:31:33.409 [main] INFO  factory.BaseClass - **************Login button should be Disabeld**************
13:31:33.789 [main] INFO  factory.BaseClass - Taking screenshot
13:31:42.995 [main] INFO  factory.BaseClass - Website is opened
13:31:42.997 [main] INFO  factory.BaseClass - **************Click on Corporate Wellness Form**************
13:31:45.892 [main] INFO  factory.BaseClass - Taking screenshot
13:31:45.894 [main] INFO  factory.BaseClass - **************Enter the name**************
13:31:46.340 [main] INFO  factory.BaseClass - Taking screenshot
13:31:46.341 [main] INFO  factory.BaseClass - **************Enter the Organization name**************
13:31:46.694 [main] INFO  factory.BaseClass - Taking screenshot
13:31:46.694 [main] INFO  factory.BaseClass - **************selects the organization size**************
13:31:47.126 [main] INFO  factory.BaseClass - Taking screenshot
13:31:47.127 [main] INFO  factory.BaseClass - **************select the Interested in option**************
13:31:47.667 [main] INFO  factory.BaseClass - Taking screenshot
13:31:47.668 [main] INFO  factory.BaseClass - **************user enter the contact number**************
13:31:48.202 [main] INFO  factory.BaseClass - Taking screenshot
13:31:48.204 [main] INFO  factory.BaseClass - **************user enter the email id **************
13:31:48.736 [main] INFO  factory.BaseClass - Taking screenshot
13:31:48.737 [main] INFO  factory.BaseClass - **************Login button should be Disabeld**************
13:31:49.142 [main] INFO  factory.BaseClass - Taking screenshot
13:31:57.858 [main] INFO  factory.BaseClass - Website is opened
13:31:57.861 [main] INFO  factory.BaseClass - **************Click on Corporate Wellness Form**************
13:32:00.775 [main] INFO  factory.BaseClass - Taking screenshot
13:32:00.776 [main] INFO  factory.BaseClass - **************Enter the name**************
13:32:01.199 [main] INFO  factory.BaseClass - Taking screenshot
13:32:01.200 [main] INFO  factory.BaseClass - **************Enter the Organization name**************
13:32:01.557 [main] INFO  factory.BaseClass - Taking screenshot
13:32:01.558 [main] INFO  factory.BaseClass - **************selects the organization size**************
13:32:01.971 [main] INFO  factory.BaseClass - Taking screenshot
13:32:01.972 [main] INFO  factory.BaseClass - **************select the Interested in option**************
13:32:02.479 [main] INFO  factory.BaseClass - Taking screenshot
13:32:02.479 [main] INFO  factory.BaseClass - **************user enter the contact number**************
13:32:03.032 [main] INFO  factory.BaseClass - Taking screenshot
13:32:03.032 [main] INFO  factory.BaseClass - **************user enter the email id **************
13:32:03.637 [main] INFO  factory.BaseClass - Taking screenshot
13:32:03.637 [main] INFO  factory.BaseClass - **************Login button should be enabeld**************
13:32:54.041 [main] INFO  factory.BaseClass - Taking screenshot
20:53:29.507 [main] INFO  factory.BaseClass - Website is opened
20:53:29.579 [main] INFO  factory.BaseClass - ***************Locate the Practo Logo Element*************
20:53:29.851 [main] INFO  factory.BaseClass - Taking screenshot
20:53:29.853 [main] INFO  factory.BaseClass - ***************Validate the Practo Logo is present*************
20:53:29.853 [main] INFO  factory.BaseClass - ***************Locate the Practo Logo Element*************
20:53:31.238 [main] INFO  factory.BaseClass - Taking screenshot
20:53:31.240 [main] INFO  factory.BaseClass - ***************Locate the Login button Element*************
20:53:31.469 [main] INFO  factory.BaseClass - Taking screenshot
20:53:31.470 [main] INFO  factory.BaseClass - ***************Validate the Login button is present*************
20:53:31.470 [main] INFO  factory.BaseClass - ***************Locate the Login button Element*************
20:53:31.820 [main] INFO  factory.BaseClass - Taking screenshot
20:53:31.821 [main] INFO  factory.BaseClass - ***************Locate the Download Element*************
20:53:32.046 [main] INFO  factory.BaseClass - Taking screenshot
20:53:32.047 [main] INFO  factory.BaseClass - **************Validate the download is present**************
20:53:32.047 [main] INFO  factory.BaseClass - ***************Locate the Download Element*************
20:53:32.364 [main] INFO  factory.BaseClass - Taking screenshot
20:53:39.230 [main] INFO  factory.BaseClass - Website is opened
20:53:39.259 [main] INFO  factory.BaseClass - ***************Navigate to Find Doctors page*************
20:53:41.798 [main] INFO  factory.BaseClass - Taking screenshot
20:53:41.799 [main] INFO  factory.BaseClass - ***************Send the value to searchbox*************
20:53:46.492 [main] INFO  factory.BaseClass - Taking screenshot
20:53:46.492 [main] INFO  factory.BaseClass - ***************Validate the Doctors Name*************
20:53:49.617 [main] INFO  factory.BaseClass - Taking screenshot
20:53:49.619 [main] INFO  factory.BaseClass - ***************Valiadate the Book Free option*************
20:53:50.046 [main] INFO  factory.BaseClass - Taking screenshot
20:53:57.637 [main] INFO  factory.BaseClass - Website is opened
20:53:57.660 [main] INFO  factory.BaseClass - ***************Navigate to video Consult page*************
20:53:59.544 [main] INFO  factory.BaseClass - Taking screenshot
20:53:59.545 [main] INFO  factory.BaseClass - ***************Locate the video consult element*************
20:53:59.822 [main] INFO  factory.BaseClass - Taking screenshot
20:53:59.823 [main] INFO  factory.BaseClass - ***************Validate Consult Now button is present*************
20:53:59.823 [main] INFO  factory.BaseClass - ***************Locate the video consult element*************
20:54:00.163 [main] INFO  factory.BaseClass - Taking screenshot
20:54:00.164 [main] INFO  factory.BaseClass - ***************Get all specialities datas*************
20:54:01.323 [main] INFO  factory.BaseClass - Taking screenshot
20:54:01.324 [main] INFO  factory.BaseClass - ***************Validate specialities availability*************
20:54:01.692 [main] INFO  factory.BaseClass - Taking screenshot
20:54:01.693 [main] INFO  factory.BaseClass - ***************Get all Common Health Concern datas and price*************
20:54:02.149 [main] INFO  factory.BaseClass - Taking screenshot
20:54:02.150 [main] INFO  factory.BaseClass - ***************Validate CommonHealthConcern availability*************
20:54:02.487 [main] INFO  factory.BaseClass - Taking screenshot
20:54:02.488 [main] INFO  factory.BaseClass - ***************Get all Offer details*************
20:54:02.763 [main] INFO  factory.BaseClass - Taking screenshot
20:54:02.764 [main] INFO  factory.BaseClass - ***************Validate Consult Offers availability*************
20:54:03.065 [main] INFO  factory.BaseClass - Taking screenshot
20:54:09.695 [main] INFO  factory.BaseClass - Website is opened
20:54:09.713 [main] INFO  factory.BaseClass - ***************Navigate to Surgeries Page*************
20:54:11.385 [main] INFO  factory.BaseClass - Taking screenshot
20:54:11.386 [main] INFO  factory.BaseClass - ***************Get PractoCare Phone number*************
20:54:11.842 [main] INFO  factory.BaseClass - Taking screenshot
20:54:11.842 [main] INFO  factory.BaseClass - ***************Validate the Phone number*************
